==============================================================================
20180209 15:55:54.067 - INFO - + START SUITE: Acceptancetest [ ]
==============================================================================
20180209 15:55:54.257 - INFO - +- START SUITE: Acceptancetest.TicTacToeGUITests [ ]
==============================================================================
20180209 15:55:54.259 - INFO - +-- START TEST: Win Diagonally as X [ ]
------------------------------------------------------------------------------
20180209 15:55:54.261 - INFO - +--- START KW: Start New Game [ ]
20180209 15:55:54.263 - INFO - +---- START KW: SwingLibrary.Start Application [ edu.jsu.mcis.TicTacToe ]
20180209 15:55:54.289 - INFO - +---- END KW: SwingLibrary.Start Application (25)
20180209 15:55:55.246 - INFO - +---- START KW: SwingLibrary.Select Window [ Tic-Tac-Toe ]
20180209 15:55:55.269 - DEBUG - Jemmy: Start to wait frame "Frame with name or title 'Tic-Tac-Toe'" opened
20180209 15:55:55.293 - DEBUG - Jemmy: Frame "Frame with name or title 'Tic-Tac-Toe'" has been opened in 0 milliseconds
    javax.swing.JFrame[frame3,0,0,800x600,layout=java.awt.BorderLayout,title=Tic-Tac-Toe,resizable,normal,defaultCloseOperation=EXIT_ON_CLOSE,rootPane=javax.swing.JRootPane[,8,31,784x561,layout=javax.swing.JRootPane$RootLayout,alignmentX=0.0,alignmentY=0.0,border=,flags=16777673,maximumSize=,minimumSize=,preferredSize=],rootPaneCheckingEnabled=true]
20180209 15:55:55.312 - INFO - +---- END KW: SwingLibrary.Select Window (67)
20180209 15:55:55.316 - INFO - +--- END KW: Start New Game (1051)
~~~~~~~~~~~~~~~~~~~~~~~~~~~~~~~~~~~~~~~~~~~~~~~~~~~~~~~~~~~~~~~~~~~~~~~~~~~~~~
20180209 15:55:55.316 - INFO - +--- START KW: Mark Location [ 1 | 1 ]
20180209 15:55:55.320 - INFO - +---- START KW: BuiltIn.Catenate [ SEPARATOR= | Square | ${row} | ${col} ]
20180209 15:55:55.326 - INFO - ${component} = Square11
20180209 15:55:55.327 - INFO - +---- END KW: BuiltIn.Catenate (7)
20180209 15:55:55.328 - INFO - +---- START KW: SwingLibrary.Click On Component [ ${component} ]
20180209 15:55:55.336 - DEBUG - Jemmy: Waiting for "Square11" subcomponent
20180209 15:55:55.336 - DEBUG - Jemmy: Start to wait action "Wait for "Square11" subcomponent to be displayed"
20180209 15:55:55.337 - DEBUG - Jemmy: "Wait for "Square11" subcomponent to be displayed" action has been produced in 0 milliseconds with result 
    : javax.swing.JButton[Square11,261,182,261x181,alignmentX=0.0,alignmentY=0.5,border=javax.swing.plaf.BorderUIResource$CompoundBorderUIResource@192dc6f0,flags=296,maximumSize=,minimumSize=,preferredSize=,defaultIcon=,disabledIcon=,disabledSelectedIcon=,margin=javax.swing.plaf.InsetsUIResource[top=2,left=14,bottom=2,right=14],paintBorder=true,paintFocus=true,pressedIcon=,rolloverEnabled=true,rolloverIcon=,rolloverSelectedIcon=,selectedIcon=,text=,defaultCapable=true]
20180209 15:55:55.356 - INFO - +---- END KW: SwingLibrary.Click On Component (27)
20180209 15:55:55.357 - INFO - +--- END KW: Mark Location (41)
~~~~~~~~~~~~~~~~~~~~~~~~~~~~~~~~~~~~~~~~~~~~~~~~~~~~~~~~~~~~~~~~~~~~~~~~~~~~~~
20180209 15:55:55.358 - INFO - +--- START KW: Check Location [ 1 | 1 | X ]
20180209 15:55:55.359 - INFO - +---- START KW: BuiltIn.Catenate [ SEPARATOR= | Square | ${row} | ${col} ]
20180209 15:55:55.362 - INFO - ${component} = Square11
20180209 15:55:55.362 - INFO - +---- END KW: BuiltIn.Catenate (3)
20180209 15:55:55.363 - INFO - +---- START KW: SwingLibrary.Get Button Text [ ${component} ]
20180209 15:55:55.365 - DEBUG - Jemmy: Waiting for "Square11" subcomponent
20180209 15:55:55.365 - DEBUG - Jemmy: Start to wait action "Wait for "Square11" subcomponent to be displayed"
20180209 15:55:55.367 - DEBUG - Jemmy: "Wait for "Square11" subcomponent to be displayed" action has been produced in 2 milliseconds with result 
    : javax.swing.JButton[Square11,261,182,261x181,alignmentX=0.0,alignmentY=0.5,border=javax.swing.plaf.BorderUIResource$CompoundBorderUIResource@192dc6f0,flags=296,maximumSize=,minimumSize=,preferredSize=,defaultIcon=,disabledIcon=,disabledSelectedIcon=,margin=javax.swing.plaf.InsetsUIResource[top=2,left=14,bottom=2,right=14],paintBorder=true,paintFocus=true,pressedIcon=,rolloverEnabled=true,rolloverIcon=,rolloverSelectedIcon=,selectedIcon=,text=X,defaultCapable=true]
20180209 15:55:55.369 - INFO - ${text} = X
20180209 15:55:55.370 - INFO - +---- END KW: SwingLibrary.Get Button Text (6)
20180209 15:55:55.370 - INFO - +---- START KW: BuiltIn.Should Be Equal [ ${text} | ${mark} ]
20180209 15:55:55.372 - INFO - +---- END KW: BuiltIn.Should Be Equal (2)
20180209 15:55:55.373 - INFO - +--- END KW: Check Location (16)
~~~~~~~~~~~~~~~~~~~~~~~~~~~~~~~~~~~~~~~~~~~~~~~~~~~~~~~~~~~~~~~~~~~~~~~~~~~~~~
20180209 15:55:55.374 - INFO - +--- START KW: Mark Location [ 0 | 1 ]
20180209 15:55:55.375 - INFO - +---- START KW: BuiltIn.Catenate [ SEPARATOR= | Square | ${row} | ${col} ]
20180209 15:55:55.378 - INFO - ${component} = Square01
20180209 15:55:55.379 - INFO - +---- END KW: BuiltIn.Catenate (3)
20180209 15:55:55.379 - INFO - +---- START KW: SwingLibrary.Click On Component [ ${component} ]
20180209 15:55:55.381 - DEBUG - Jemmy: Waiting for "Square01" subcomponent
20180209 15:55:55.381 - DEBUG - Jemmy: Start to wait action "Wait for "Square01" subcomponent to be displayed"
20180209 15:55:55.381 - DEBUG - Jemmy: "Wait for "Square01" subcomponent to be displayed" action has been produced in 0 milliseconds with result 
    : javax.swing.JButton[Square01,261,1,261x181,alignmentX=0.0,alignmentY=0.5,border=javax.swing.plaf.BorderUIResource$CompoundBorderUIResource@192dc6f0,flags=296,maximumSize=,minimumSize=,preferredSize=,defaultIcon=,disabledIcon=,disabledSelectedIcon=,margin=javax.swing.plaf.InsetsUIResource[top=2,left=14,bottom=2,right=14],paintBorder=true,paintFocus=true,pressedIcon=,rolloverEnabled=true,rolloverIcon=,rolloverSelectedIcon=,selectedIcon=,text=,defaultCapable=true]
20180209 15:55:55.390 - INFO - +---- END KW: SwingLibrary.Click On Component (11)
20180209 15:55:55.392 - INFO - +--- END KW: Mark Location (17)
~~~~~~~~~~~~~~~~~~~~~~~~~~~~~~~~~~~~~~~~~~~~~~~~~~~~~~~~~~~~~~~~~~~~~~~~~~~~~~
20180209 15:55:55.395 - INFO - +--- START KW: Check Location [ 0 | 1 | O ]
20180209 15:55:55.401 - INFO - +---- START KW: BuiltIn.Catenate [ SEPARATOR= | Square | ${row} | ${col} ]
20180209 15:55:55.406 - INFO - ${component} = Square01
20180209 15:55:55.408 - INFO - +---- END KW: BuiltIn.Catenate (7)
20180209 15:55:55.408 - INFO - +---- START KW: SwingLibrary.Get Button Text [ ${component} ]
20180209 15:55:55.410 - DEBUG - Jemmy: Waiting for "Square01" subcomponent
20180209 15:55:55.410 - DEBUG - Jemmy: Start to wait action "Wait for "Square01" subcomponent to be displayed"
20180209 15:55:55.414 - DEBUG - Jemmy: "Wait for "Square01" subcomponent to be displayed" action has been produced in 4 milliseconds with result 
    : javax.swing.JButton[Square01,261,1,261x181,alignmentX=0.0,alignmentY=0.5,border=javax.swing.plaf.BorderUIResource$CompoundBorderUIResource@192dc6f0,flags=296,maximumSize=,minimumSize=,preferredSize=,defaultIcon=,disabledIcon=,disabledSelectedIcon=,margin=javax.swing.plaf.InsetsUIResource[top=2,left=14,bottom=2,right=14],paintBorder=true,paintFocus=true,pressedIcon=,rolloverEnabled=true,rolloverIcon=,rolloverSelectedIcon=,selectedIcon=,text=O,defaultCapable=true]
20180209 15:55:55.417 - INFO - ${text} = O
20180209 15:55:55.418 - INFO - +---- END KW: SwingLibrary.Get Button Text (9)
20180209 15:55:55.418 - INFO - +---- START KW: BuiltIn.Should Be Equal [ ${text} | ${mark} ]
20180209 15:55:55.421 - INFO - +---- END KW: BuiltIn.Should Be Equal (3)
20180209 15:55:55.422 - INFO - +--- END KW: Check Location (28)
~~~~~~~~~~~~~~~~~~~~~~~~~~~~~~~~~~~~~~~~~~~~~~~~~~~~~~~~~~~~~~~~~~~~~~~~~~~~~~
20180209 15:55:55.423 - INFO - +--- START KW: Mark Location [ 0 | 0 ]
20180209 15:55:55.425 - INFO - +---- START KW: BuiltIn.Catenate [ SEPARATOR= | Square | ${row} | ${col} ]
20180209 15:55:55.428 - INFO - ${component} = Square00
20180209 15:55:55.428 - INFO - +---- END KW: BuiltIn.Catenate (3)
20180209 15:55:55.429 - INFO - +---- START KW: SwingLibrary.Click On Component [ ${component} ]
20180209 15:55:55.431 - DEBUG - Jemmy: Waiting for "Square00" subcomponent
20180209 15:55:55.431 - DEBUG - Jemmy: Start to wait action "Wait for "Square00" subcomponent to be displayed"
20180209 15:55:55.432 - DEBUG - Jemmy: "Wait for "Square00" subcomponent to be displayed" action has been produced in 1 milliseconds with result 
    : javax.swing.JButton[Square00,0,1,261x181,alignmentX=0.0,alignmentY=0.5,border=javax.swing.plaf.BorderUIResource$CompoundBorderUIResource@192dc6f0,flags=296,maximumSize=,minimumSize=,preferredSize=,defaultIcon=,disabledIcon=,disabledSelectedIcon=,margin=javax.swing.plaf.InsetsUIResource[top=2,left=14,bottom=2,right=14],paintBorder=true,paintFocus=true,pressedIcon=,rolloverEnabled=true,rolloverIcon=,rolloverSelectedIcon=,selectedIcon=,text=,defaultCapable=true]
20180209 15:55:55.442 - INFO - +---- END KW: SwingLibrary.Click On Component (12)
20180209 15:55:55.443 - INFO - +--- END KW: Mark Location (20)
~~~~~~~~~~~~~~~~~~~~~~~~~~~~~~~~~~~~~~~~~~~~~~~~~~~~~~~~~~~~~~~~~~~~~~~~~~~~~~
20180209 15:55:55.445 - INFO - +--- START KW: Check Location [ 0 | 0 | X ]
20180209 15:55:55.447 - INFO - +---- START KW: BuiltIn.Catenate [ SEPARATOR= | Square | ${row} | ${col} ]
20180209 15:55:55.450 - INFO - ${component} = Square00
20180209 15:55:55.450 - INFO - +---- END KW: BuiltIn.Catenate (3)
20180209 15:55:55.451 - INFO - +---- START KW: SwingLibrary.Get Button Text [ ${component} ]
20180209 15:55:55.453 - DEBUG - Jemmy: Waiting for "Square00" subcomponent
20180209 15:55:55.453 - DEBUG - Jemmy: Start to wait action "Wait for "Square00" subcomponent to be displayed"
20180209 15:55:55.454 - DEBUG - Jemmy: "Wait for "Square00" subcomponent to be displayed" action has been produced in 0 milliseconds with result 
    : javax.swing.JButton[Square00,0,1,261x181,alignmentX=0.0,alignmentY=0.5,border=javax.swing.plaf.BorderUIResource$CompoundBorderUIResource@192dc6f0,flags=296,maximumSize=,minimumSize=,preferredSize=,defaultIcon=,disabledIcon=,disabledSelectedIcon=,margin=javax.swing.plaf.InsetsUIResource[top=2,left=14,bottom=2,right=14],paintBorder=true,paintFocus=true,pressedIcon=,rolloverEnabled=true,rolloverIcon=,rolloverSelectedIcon=,selectedIcon=,text=X,defaultCapable=true]
20180209 15:55:55.458 - INFO - ${text} = X
20180209 15:55:55.459 - INFO - +---- END KW: SwingLibrary.Get Button Text (8)
20180209 15:55:55.460 - INFO - +---- START KW: BuiltIn.Should Be Equal [ ${text} | ${mark} ]
20180209 15:55:55.462 - INFO - +---- END KW: BuiltIn.Should Be Equal (3)
20180209 15:55:55.463 - INFO - +--- END KW: Check Location (17)
~~~~~~~~~~~~~~~~~~~~~~~~~~~~~~~~~~~~~~~~~~~~~~~~~~~~~~~~~~~~~~~~~~~~~~~~~~~~~~
20180209 15:55:55.464 - INFO - +--- START KW: Mark Location [ 0 | 2 ]
20180209 15:55:55.467 - INFO - +---- START KW: BuiltIn.Catenate [ SEPARATOR= | Square | ${row} | ${col} ]
20180209 15:55:55.469 - INFO - ${component} = Square02
20180209 15:55:55.469 - INFO - +---- END KW: BuiltIn.Catenate (2)
20180209 15:55:55.470 - INFO - +---- START KW: SwingLibrary.Click On Component [ ${component} ]
20180209 15:55:55.471 - DEBUG - Jemmy: Waiting for "Square02" subcomponent
20180209 15:55:55.471 - DEBUG - Jemmy: Start to wait action "Wait for "Square02" subcomponent to be displayed"
20180209 15:55:55.472 - DEBUG - Jemmy: "Wait for "Square02" subcomponent to be displayed" action has been produced in 1 milliseconds with result 
    : javax.swing.JButton[Square02,522,1,261x181,alignmentX=0.0,alignmentY=0.5,border=javax.swing.plaf.BorderUIResource$CompoundBorderUIResource@192dc6f0,flags=296,maximumSize=,minimumSize=,preferredSize=,defaultIcon=,disabledIcon=,disabledSelectedIcon=,margin=javax.swing.plaf.InsetsUIResource[top=2,left=14,bottom=2,right=14],paintBorder=true,paintFocus=true,pressedIcon=,rolloverEnabled=true,rolloverIcon=,rolloverSelectedIcon=,selectedIcon=,text=,defaultCapable=true]
20180209 15:55:55.478 - INFO - +---- END KW: SwingLibrary.Click On Component (7)
20180209 15:55:55.479 - INFO - +--- END KW: Mark Location (15)
~~~~~~~~~~~~~~~~~~~~~~~~~~~~~~~~~~~~~~~~~~~~~~~~~~~~~~~~~~~~~~~~~~~~~~~~~~~~~~
20180209 15:55:55.480 - INFO - +--- START KW: Check Location [ 0 | 2 | O ]
20180209 15:55:55.482 - INFO - +---- START KW: BuiltIn.Catenate [ SEPARATOR= | Square | ${row} | ${col} ]
20180209 15:55:55.486 - INFO - ${component} = Square02
20180209 15:55:55.487 - INFO - +---- END KW: BuiltIn.Catenate (4)
20180209 15:55:55.487 - INFO - +---- START KW: SwingLibrary.Get Button Text [ ${component} ]
20180209 15:55:55.489 - DEBUG - Jemmy: Waiting for "Square02" subcomponent
20180209 15:55:55.489 - DEBUG - Jemmy: Start to wait action "Wait for "Square02" subcomponent to be displayed"
20180209 15:55:55.490 - DEBUG - Jemmy: "Wait for "Square02" subcomponent to be displayed" action has been produced in 1 milliseconds with result 
    : javax.swing.JButton[Square02,522,1,261x181,alignmentX=0.0,alignmentY=0.5,border=javax.swing.plaf.BorderUIResource$CompoundBorderUIResource@192dc6f0,flags=296,maximumSize=,minimumSize=,preferredSize=,defaultIcon=,disabledIcon=,disabledSelectedIcon=,margin=javax.swing.plaf.InsetsUIResource[top=2,left=14,bottom=2,right=14],paintBorder=true,paintFocus=true,pressedIcon=,rolloverEnabled=true,rolloverIcon=,rolloverSelectedIcon=,selectedIcon=,text=O,defaultCapable=true]
20180209 15:55:55.492 - INFO - ${text} = O
20180209 15:55:55.492 - INFO - +---- END KW: SwingLibrary.Get Button Text (5)
20180209 15:55:55.493 - INFO - +---- START KW: BuiltIn.Should Be Equal [ ${text} | ${mark} ]
20180209 15:55:55.495 - INFO - +---- END KW: BuiltIn.Should Be Equal (2)
20180209 15:55:55.496 - INFO - +--- END KW: Check Location (17)
~~~~~~~~~~~~~~~~~~~~~~~~~~~~~~~~~~~~~~~~~~~~~~~~~~~~~~~~~~~~~~~~~~~~~~~~~~~~~~
20180209 15:55:55.497 - INFO - +--- START KW: Mark Location [ 2 | 2 ]
20180209 15:55:55.499 - INFO - +---- START KW: BuiltIn.Catenate [ SEPARATOR= | Square | ${row} | ${col} ]
20180209 15:55:55.501 - INFO - ${component} = Square22
20180209 15:55:55.502 - INFO - +---- END KW: BuiltIn.Catenate (3)
20180209 15:55:55.502 - INFO - +---- START KW: SwingLibrary.Click On Component [ ${component} ]
20180209 15:55:55.504 - DEBUG - Jemmy: Waiting for "Square22" subcomponent
20180209 15:55:55.504 - DEBUG - Jemmy: Start to wait action "Wait for "Square22" subcomponent to be displayed"
20180209 15:55:55.504 - DEBUG - Jemmy: "Wait for "Square22" subcomponent to be displayed" action has been produced in 0 milliseconds with result 
    : javax.swing.JButton[Square22,522,363,261x181,alignmentX=0.0,alignmentY=0.5,border=javax.swing.plaf.BorderUIResource$CompoundBorderUIResource@192dc6f0,flags=296,maximumSize=,minimumSize=,preferredSize=,defaultIcon=,disabledIcon=,disabledSelectedIcon=,margin=javax.swing.plaf.InsetsUIResource[top=2,left=14,bottom=2,right=14],paintBorder=true,paintFocus=true,pressedIcon=,rolloverEnabled=true,rolloverIcon=,rolloverSelectedIcon=,selectedIcon=,text=,defaultCapable=true]
20180209 15:55:55.510 - INFO - +---- END KW: SwingLibrary.Click On Component (8)
20180209 15:55:55.511 - INFO - +--- END KW: Mark Location (14)
~~~~~~~~~~~~~~~~~~~~~~~~~~~~~~~~~~~~~~~~~~~~~~~~~~~~~~~~~~~~~~~~~~~~~~~~~~~~~~
20180209 15:55:55.511 - INFO - +--- START KW: Check Location [ 2 | 2 | X ]
20180209 15:55:55.513 - INFO - +---- START KW: BuiltIn.Catenate [ SEPARATOR= | Square | ${row} | ${col} ]
20180209 15:55:55.516 - INFO - ${component} = Square22
20180209 15:55:55.516 - INFO - +---- END KW: BuiltIn.Catenate (3)
20180209 15:55:55.517 - INFO - +---- START KW: SwingLibrary.Get Button Text [ ${component} ]
20180209 15:55:55.519 - DEBUG - Jemmy: Waiting for "Square22" subcomponent
20180209 15:55:55.519 - DEBUG - Jemmy: Start to wait action "Wait for "Square22" subcomponent to be displayed"
20180209 15:55:55.522 - DEBUG - Jemmy: "Wait for "Square22" subcomponent to be displayed" action has been produced in 3 milliseconds with result 
    : javax.swing.JButton[Square22,522,363,261x181,alignmentX=0.0,alignmentY=0.5,border=javax.swing.plaf.BorderUIResource$CompoundBorderUIResource@192dc6f0,flags=296,maximumSize=,minimumSize=,preferredSize=,defaultIcon=,disabledIcon=,disabledSelectedIcon=,margin=javax.swing.plaf.InsetsUIResource[top=2,left=14,bottom=2,right=14],paintBorder=true,paintFocus=true,pressedIcon=,rolloverEnabled=true,rolloverIcon=,rolloverSelectedIcon=,selectedIcon=,text=X,defaultCapable=true]
20180209 15:55:55.524 - INFO - ${text} = X
20180209 15:55:55.525 - INFO - +---- END KW: SwingLibrary.Get Button Text (7)
20180209 15:55:55.525 - INFO - +---- START KW: BuiltIn.Should Be Equal [ ${text} | ${mark} ]
20180209 15:55:55.527 - INFO - +---- END KW: BuiltIn.Should Be Equal (2)
20180209 15:55:55.528 - INFO - +--- END KW: Check Location (17)
~~~~~~~~~~~~~~~~~~~~~~~~~~~~~~~~~~~~~~~~~~~~~~~~~~~~~~~~~~~~~~~~~~~~~~~~~~~~~~
20180209 15:55:55.528 - INFO - +--- START KW: Winner Should Be [ X ]
20180209 15:55:55.530 - INFO - +---- START KW: SwingLibrary.Get Label Content [ ResultLabel ]
20180209 15:55:55.531 - DEBUG - Jemmy: Waiting for "ResultLabel" subcomponent
20180209 15:55:55.531 - DEBUG - Jemmy: Start to wait action "Wait for "ResultLabel" subcomponent to be displayed"
20180209 15:55:55.531 - DEBUG - Jemmy: "Wait for "ResultLabel" subcomponent to be displayed" action has been produced in 0 milliseconds with result 
    : javax.swing.JLabel[ResultLabel,388,545,8x16,alignmentX=0.0,alignmentY=0.0,border=,flags=8388608,maximumSize=,minimumSize=,preferredSize=,defaultIcon=,disabledIcon=,horizontalAlignment=LEADING,horizontalTextPosition=TRAILING,iconTextGap=4,labelFor=,text=X,verticalAlignment=CENTER,verticalTextPosition=CENTER]
20180209 15:55:55.533 - INFO - ${text} = X
20180209 15:55:55.534 - INFO - +---- END KW: SwingLibrary.Get Label Content (3)
20180209 15:55:55.534 - INFO - +---- START KW: BuiltIn.Should Be Equal [ ${text} | ${winner} ]
20180209 15:55:55.536 - INFO - +---- END KW: BuiltIn.Should Be Equal (2)
20180209 15:55:55.537 - INFO - +---- START KW: SwingLibrary.Close Window [ Tic-Tac-Toe ]
20180209 15:55:55.538 - DEBUG - Jemmy: Start to wait frame "Frame with name or title 'Tic-Tac-Toe'" opened
20180209 15:55:55.538 - DEBUG - Jemmy: Frame "Frame with name or title 'Tic-Tac-Toe'" has been opened in 0 milliseconds
    javax.swing.JFrame[frame3,0,0,800x600,invalid,layout=java.awt.BorderLayout,title=Tic-Tac-Toe,resizable,normal,defaultCloseOperation=EXIT_ON_CLOSE,rootPane=javax.swing.JRootPane[,8,31,784x561,layout=javax.swing.JRootPane$RootLayout,alignmentX=0.0,alignmentY=0.0,border=,flags=16777673,maximumSize=,minimumSize=,preferredSize=],rootPaneCheckingEnabled=true]
20180209 15:55:55.693 - INFO - +---- END KW: SwingLibrary.Close Window (156)
20180209 15:55:55.694 - INFO - +--- END KW: Winner Should Be (166)
------------------------------------------------------------------------------
20180209 15:55:55.696 - INFO - +-- END TEST: Win Diagonally as X (1435)
------------------------------------------------------------------------------
20180209 15:55:55.696 - INFO - +-- START TEST: Win Horizontally as O [ ]
------------------------------------------------------------------------------
20180209 15:55:55.698 - INFO - +--- START KW: Start New Game [ ]
20180209 15:55:55.699 - INFO - +---- START KW: SwingLibrary.Start Application [ edu.jsu.mcis.TicTacToe ]
20180209 15:55:55.720 - INFO - +---- END KW: SwingLibrary.Start Application (21)
20180209 15:55:55.721 - INFO - +---- START KW: SwingLibrary.Select Window [ Tic-Tac-Toe ]
20180209 15:55:55.722 - DEBUG - Jemmy: Start to wait frame "Frame with name or title 'Tic-Tac-Toe'" opened
20180209 15:55:55.760 - DEBUG - Jemmy: Frame "Frame with name or title 'Tic-Tac-Toe'" has been opened in 0 milliseconds
    javax.swing.JFrame[frame4,0,0,800x600,layout=java.awt.BorderLayout,title=Tic-Tac-Toe,resizable,normal,defaultCloseOperation=EXIT_ON_CLOSE,rootPane=javax.swing.JRootPane[,8,31,784x561,layout=javax.swing.JRootPane$RootLayout,alignmentX=0.0,alignmentY=0.0,border=,flags=16777673,maximumSize=,minimumSize=,preferredSize=],rootPaneCheckingEnabled=true]
20180209 15:55:55.792 - INFO - +---- END KW: SwingLibrary.Select Window (71)
20180209 15:55:55.793 - INFO - +--- END KW: Start New Game (95)
~~~~~~~~~~~~~~~~~~~~~~~~~~~~~~~~~~~~~~~~~~~~~~~~~~~~~~~~~~~~~~~~~~~~~~~~~~~~~~
20180209 15:55:55.794 - INFO - +--- START KW: Mark Location [ 1 | 1 ]
20180209 15:55:55.796 - INFO - +---- START KW: BuiltIn.Catenate [ SEPARATOR= | Square | ${row} | ${col} ]
20180209 15:55:55.799 - INFO - ${component} = Square11
20180209 15:55:55.800 - INFO - +---- END KW: BuiltIn.Catenate (3)
20180209 15:55:55.800 - INFO - +---- START KW: SwingLibrary.Click On Component [ ${component} ]
20180209 15:55:55.801 - DEBUG - Jemmy: Waiting for "Square11" subcomponent
20180209 15:55:55.801 - DEBUG - Jemmy: Start to wait action "Wait for "Square11" subcomponent to be displayed"
20180209 15:55:55.808 - DEBUG - Jemmy: "Wait for "Square11" subcomponent to be displayed" action has been produced in 6 milliseconds with result 
    : javax.swing.JButton[Square11,261,182,261x181,alignmentX=0.0,alignmentY=0.5,border=javax.swing.plaf.BorderUIResource$CompoundBorderUIResource@192dc6f0,flags=296,maximumSize=,minimumSize=,preferredSize=,defaultIcon=,disabledIcon=,disabledSelectedIcon=,margin=javax.swing.plaf.InsetsUIResource[top=2,left=14,bottom=2,right=14],paintBorder=true,paintFocus=true,pressedIcon=,rolloverEnabled=true,rolloverIcon=,rolloverSelectedIcon=,selectedIcon=,text=,defaultCapable=true]
20180209 15:55:55.812 - INFO - +---- END KW: SwingLibrary.Click On Component (12)
20180209 15:55:55.813 - INFO - +--- END KW: Mark Location (19)
~~~~~~~~~~~~~~~~~~~~~~~~~~~~~~~~~~~~~~~~~~~~~~~~~~~~~~~~~~~~~~~~~~~~~~~~~~~~~~
20180209 15:55:55.813 - INFO - +--- START KW: Check Location [ 1 | 1 | X ]
20180209 15:55:55.815 - INFO - +---- START KW: BuiltIn.Catenate [ SEPARATOR= | Square | ${row} | ${col} ]
20180209 15:55:55.817 - INFO - ${component} = Square11
20180209 15:55:55.817 - INFO - +---- END KW: BuiltIn.Catenate (2)
20180209 15:55:55.818 - INFO - +---- START KW: SwingLibrary.Get Button Text [ ${component} ]
20180209 15:55:55.820 - DEBUG - Jemmy: Waiting for "Square11" subcomponent
20180209 15:55:55.820 - DEBUG - Jemmy: Start to wait action "Wait for "Square11" subcomponent to be displayed"
20180209 15:55:55.822 - DEBUG - Jemmy: "Wait for "Square11" subcomponent to be displayed" action has been produced in 2 milliseconds with result 
    : javax.swing.JButton[Square11,261,182,261x181,alignmentX=0.0,alignmentY=0.5,border=javax.swing.plaf.BorderUIResource$CompoundBorderUIResource@192dc6f0,flags=296,maximumSize=,minimumSize=,preferredSize=,defaultIcon=,disabledIcon=,disabledSelectedIcon=,margin=javax.swing.plaf.InsetsUIResource[top=2,left=14,bottom=2,right=14],paintBorder=true,paintFocus=true,pressedIcon=,rolloverEnabled=true,rolloverIcon=,rolloverSelectedIcon=,selectedIcon=,text=X,defaultCapable=true]
20180209 15:55:55.824 - INFO - ${text} = X
20180209 15:55:55.824 - INFO - +---- END KW: SwingLibrary.Get Button Text (6)
20180209 15:55:55.825 - INFO - +---- START KW: BuiltIn.Should Be Equal [ ${text} | ${mark} ]
20180209 15:55:55.827 - INFO - +---- END KW: BuiltIn.Should Be Equal (2)
20180209 15:55:55.828 - INFO - +--- END KW: Check Location (14)
~~~~~~~~~~~~~~~~~~~~~~~~~~~~~~~~~~~~~~~~~~~~~~~~~~~~~~~~~~~~~~~~~~~~~~~~~~~~~~
20180209 15:55:55.828 - INFO - +--- START KW: Mark Location [ 2 | 0 ]
20180209 15:55:55.830 - INFO - +---- START KW: BuiltIn.Catenate [ SEPARATOR= | Square | ${row} | ${col} ]
20180209 15:55:55.832 - INFO - ${component} = Square20
20180209 15:55:55.833 - INFO - +---- END KW: BuiltIn.Catenate (4)
20180209 15:55:55.834 - INFO - +---- START KW: SwingLibrary.Click On Component [ ${component} ]
20180209 15:55:55.835 - DEBUG - Jemmy: Waiting for "Square20" subcomponent
20180209 15:55:55.836 - DEBUG - Jemmy: Start to wait action "Wait for "Square20" subcomponent to be displayed"
20180209 15:55:55.836 - DEBUG - Jemmy: "Wait for "Square20" subcomponent to be displayed" action has been produced in 0 milliseconds with result 
    : javax.swing.JButton[Square20,0,363,261x181,alignmentX=0.0,alignmentY=0.5,border=javax.swing.plaf.BorderUIResource$CompoundBorderUIResource@192dc6f0,flags=296,maximumSize=,minimumSize=,preferredSize=,defaultIcon=,disabledIcon=,disabledSelectedIcon=,margin=javax.swing.plaf.InsetsUIResource[top=2,left=14,bottom=2,right=14],paintBorder=true,paintFocus=true,pressedIcon=,rolloverEnabled=true,rolloverIcon=,rolloverSelectedIcon=,selectedIcon=,text=,defaultCapable=true]
20180209 15:55:55.841 - INFO - +---- END KW: SwingLibrary.Click On Component (7)
20180209 15:55:55.842 - INFO - +--- END KW: Mark Location (14)
~~~~~~~~~~~~~~~~~~~~~~~~~~~~~~~~~~~~~~~~~~~~~~~~~~~~~~~~~~~~~~~~~~~~~~~~~~~~~~
20180209 15:55:55.843 - INFO - +--- START KW: Check Location [ 2 | 0 | O ]
20180209 15:55:55.845 - INFO - +---- START KW: BuiltIn.Catenate [ SEPARATOR= | Square | ${row} | ${col} ]
20180209 15:55:55.848 - INFO - ${component} = Square20
20180209 15:55:55.849 - INFO - +---- END KW: BuiltIn.Catenate (3)
20180209 15:55:55.849 - INFO - +---- START KW: SwingLibrary.Get Button Text [ ${component} ]
20180209 15:55:55.851 - DEBUG - Jemmy: Waiting for "Square20" subcomponent
20180209 15:55:55.851 - DEBUG - Jemmy: Start to wait action "Wait for "Square20" subcomponent to be displayed"
20180209 15:55:55.859 - DEBUG - Jemmy: "Wait for "Square20" subcomponent to be displayed" action has been produced in 8 milliseconds with result 
    : javax.swing.JButton[Square20,0,363,261x181,alignmentX=0.0,alignmentY=0.5,border=javax.swing.plaf.BorderUIResource$CompoundBorderUIResource@192dc6f0,flags=296,maximumSize=,minimumSize=,preferredSize=,defaultIcon=,disabledIcon=,disabledSelectedIcon=,margin=javax.swing.plaf.InsetsUIResource[top=2,left=14,bottom=2,right=14],paintBorder=true,paintFocus=true,pressedIcon=,rolloverEnabled=true,rolloverIcon=,rolloverSelectedIcon=,selectedIcon=,text=O,defaultCapable=true]
20180209 15:55:55.861 - INFO - ${text} = O
20180209 15:55:55.862 - INFO - +---- END KW: SwingLibrary.Get Button Text (12)
20180209 15:55:55.862 - INFO - +---- START KW: BuiltIn.Should Be Equal [ ${text} | ${mark} ]
20180209 15:55:55.865 - INFO - +---- END KW: BuiltIn.Should Be Equal (3)
20180209 15:55:55.866 - INFO - +--- END KW: Check Location (23)
~~~~~~~~~~~~~~~~~~~~~~~~~~~~~~~~~~~~~~~~~~~~~~~~~~~~~~~~~~~~~~~~~~~~~~~~~~~~~~
20180209 15:55:55.867 - INFO - +--- START KW: Mark Location [ 0 | 0 ]
20180209 15:55:55.869 - INFO - +---- START KW: BuiltIn.Catenate [ SEPARATOR= | Square | ${row} | ${col} ]
20180209 15:55:55.871 - INFO - ${component} = Square00
20180209 15:55:55.871 - INFO - +---- END KW: BuiltIn.Catenate (2)
20180209 15:55:55.872 - INFO - +---- START KW: SwingLibrary.Click On Component [ ${component} ]
20180209 15:55:55.873 - DEBUG - Jemmy: Waiting for "Square00" subcomponent
20180209 15:55:55.873 - DEBUG - Jemmy: Start to wait action "Wait for "Square00" subcomponent to be displayed"
20180209 15:55:55.873 - DEBUG - Jemmy: "Wait for "Square00" subcomponent to be displayed" action has been produced in 0 milliseconds with result 
    : javax.swing.JButton[Square00,0,1,261x181,alignmentX=0.0,alignmentY=0.5,border=javax.swing.plaf.BorderUIResource$CompoundBorderUIResource@192dc6f0,flags=296,maximumSize=,minimumSize=,preferredSize=,defaultIcon=,disabledIcon=,disabledSelectedIcon=,margin=javax.swing.plaf.InsetsUIResource[top=2,left=14,bottom=2,right=14],paintBorder=true,paintFocus=true,pressedIcon=,rolloverEnabled=true,rolloverIcon=,rolloverSelectedIcon=,selectedIcon=,text=,defaultCapable=true]
20180209 15:55:55.878 - INFO - +---- END KW: SwingLibrary.Click On Component (7)
20180209 15:55:55.879 - INFO - +--- END KW: Mark Location (12)
~~~~~~~~~~~~~~~~~~~~~~~~~~~~~~~~~~~~~~~~~~~~~~~~~~~~~~~~~~~~~~~~~~~~~~~~~~~~~~
20180209 15:55:55.880 - INFO - +--- START KW: Check Location [ 0 | 0 | X ]
20180209 15:55:55.882 - INFO - +---- START KW: BuiltIn.Catenate [ SEPARATOR= | Square | ${row} | ${col} ]
20180209 15:55:55.884 - INFO - ${component} = Square00
20180209 15:55:55.885 - INFO - +---- END KW: BuiltIn.Catenate (3)
20180209 15:55:55.885 - INFO - +---- START KW: SwingLibrary.Get Button Text [ ${component} ]
20180209 15:55:55.887 - DEBUG - Jemmy: Waiting for "Square00" subcomponent
20180209 15:55:55.887 - DEBUG - Jemmy: Start to wait action "Wait for "Square00" subcomponent to be displayed"
20180209 15:55:55.888 - DEBUG - Jemmy: "Wait for "Square00" subcomponent to be displayed" action has been produced in 0 milliseconds with result 
    : javax.swing.JButton[Square00,0,1,261x181,alignmentX=0.0,alignmentY=0.5,border=javax.swing.plaf.BorderUIResource$CompoundBorderUIResource@192dc6f0,flags=296,maximumSize=,minimumSize=,preferredSize=,defaultIcon=,disabledIcon=,disabledSelectedIcon=,margin=javax.swing.plaf.InsetsUIResource[top=2,left=14,bottom=2,right=14],paintBorder=true,paintFocus=true,pressedIcon=,rolloverEnabled=true,rolloverIcon=,rolloverSelectedIcon=,selectedIcon=,text=X,defaultCapable=true]
20180209 15:55:55.889 - INFO - ${text} = X
20180209 15:55:55.890 - INFO - +---- END KW: SwingLibrary.Get Button Text (5)
20180209 15:55:55.890 - INFO - +---- START KW: BuiltIn.Should Be Equal [ ${text} | ${mark} ]
20180209 15:55:55.892 - INFO - +---- END KW: BuiltIn.Should Be Equal (2)
20180209 15:55:55.893 - INFO - +--- END KW: Check Location (13)
~~~~~~~~~~~~~~~~~~~~~~~~~~~~~~~~~~~~~~~~~~~~~~~~~~~~~~~~~~~~~~~~~~~~~~~~~~~~~~
20180209 15:55:55.894 - INFO - +--- START KW: Mark Location [ 2 | 2 ]
20180209 15:55:55.895 - INFO - +---- START KW: BuiltIn.Catenate [ SEPARATOR= | Square | ${row} | ${col} ]
20180209 15:55:55.898 - INFO - ${component} = Square22
20180209 15:55:55.898 - INFO - +---- END KW: BuiltIn.Catenate (3)
20180209 15:55:55.899 - INFO - +---- START KW: SwingLibrary.Click On Component [ ${component} ]
20180209 15:55:55.900 - DEBUG - Jemmy: Waiting for "Square22" subcomponent
20180209 15:55:55.900 - DEBUG - Jemmy: Start to wait action "Wait for "Square22" subcomponent to be displayed"
20180209 15:55:55.901 - DEBUG - Jemmy: "Wait for "Square22" subcomponent to be displayed" action has been produced in 1 milliseconds with result 
    : javax.swing.JButton[Square22,522,363,261x181,alignmentX=0.0,alignmentY=0.5,border=javax.swing.plaf.BorderUIResource$CompoundBorderUIResource@192dc6f0,flags=296,maximumSize=,minimumSize=,preferredSize=,defaultIcon=,disabledIcon=,disabledSelectedIcon=,margin=javax.swing.plaf.InsetsUIResource[top=2,left=14,bottom=2,right=14],paintBorder=true,paintFocus=true,pressedIcon=,rolloverEnabled=true,rolloverIcon=,rolloverSelectedIcon=,selectedIcon=,text=,defaultCapable=true]
20180209 15:55:55.905 - INFO - +---- END KW: SwingLibrary.Click On Component (6)
20180209 15:55:55.906 - INFO - +--- END KW: Mark Location (12)
~~~~~~~~~~~~~~~~~~~~~~~~~~~~~~~~~~~~~~~~~~~~~~~~~~~~~~~~~~~~~~~~~~~~~~~~~~~~~~
20180209 15:55:55.907 - INFO - +--- START KW: Check Location [ 2 | 2 | O ]
20180209 15:55:55.909 - INFO - +---- START KW: BuiltIn.Catenate [ SEPARATOR= | Square | ${row} | ${col} ]
20180209 15:55:55.911 - INFO - ${component} = Square22
20180209 15:55:55.913 - INFO - +---- END KW: BuiltIn.Catenate (3)
20180209 15:55:55.914 - INFO - +---- START KW: SwingLibrary.Get Button Text [ ${component} ]
20180209 15:55:55.916 - DEBUG - Jemmy: Waiting for "Square22" subcomponent
20180209 15:55:55.916 - DEBUG - Jemmy: Start to wait action "Wait for "Square22" subcomponent to be displayed"
20180209 15:55:55.920 - DEBUG - Jemmy: "Wait for "Square22" subcomponent to be displayed" action has been produced in 4 milliseconds with result 
    : javax.swing.JButton[Square22,522,363,261x181,alignmentX=0.0,alignmentY=0.5,border=javax.swing.plaf.BorderUIResource$CompoundBorderUIResource@192dc6f0,flags=296,maximumSize=,minimumSize=,preferredSize=,defaultIcon=,disabledIcon=,disabledSelectedIcon=,margin=javax.swing.plaf.InsetsUIResource[top=2,left=14,bottom=2,right=14],paintBorder=true,paintFocus=true,pressedIcon=,rolloverEnabled=true,rolloverIcon=,rolloverSelectedIcon=,selectedIcon=,text=O,defaultCapable=true]
20180209 15:55:55.922 - INFO - ${text} = O
20180209 15:55:55.923 - INFO - +---- END KW: SwingLibrary.Get Button Text (9)
20180209 15:55:55.924 - INFO - +---- START KW: BuiltIn.Should Be Equal [ ${text} | ${mark} ]
20180209 15:55:55.926 - INFO - +---- END KW: BuiltIn.Should Be Equal (2)
20180209 15:55:55.927 - INFO - +--- END KW: Check Location (20)
~~~~~~~~~~~~~~~~~~~~~~~~~~~~~~~~~~~~~~~~~~~~~~~~~~~~~~~~~~~~~~~~~~~~~~~~~~~~~~
20180209 15:55:55.928 - INFO - +--- START KW: Mark Location [ 0 | 2 ]
20180209 15:55:55.930 - INFO - +---- START KW: BuiltIn.Catenate [ SEPARATOR= | Square | ${row} | ${col} ]
20180209 15:55:55.933 - INFO - ${component} = Square02
20180209 15:55:55.934 - INFO - +---- END KW: BuiltIn.Catenate (3)
20180209 15:55:55.934 - INFO - +---- START KW: SwingLibrary.Click On Component [ ${component} ]
20180209 15:55:55.936 - DEBUG - Jemmy: Waiting for "Square02" subcomponent
20180209 15:55:55.936 - DEBUG - Jemmy: Start to wait action "Wait for "Square02" subcomponent to be displayed"
20180209 15:55:55.937 - DEBUG - Jemmy: "Wait for "Square02" subcomponent to be displayed" action has been produced in 1 milliseconds with result 
    : javax.swing.JButton[Square02,522,1,261x181,alignmentX=0.0,alignmentY=0.5,border=javax.swing.plaf.BorderUIResource$CompoundBorderUIResource@192dc6f0,flags=296,maximumSize=,minimumSize=,preferredSize=,defaultIcon=,disabledIcon=,disabledSelectedIcon=,margin=javax.swing.plaf.InsetsUIResource[top=2,left=14,bottom=2,right=14],paintBorder=true,paintFocus=true,pressedIcon=,rolloverEnabled=true,rolloverIcon=,rolloverSelectedIcon=,selectedIcon=,text=,defaultCapable=true]
20180209 15:55:55.945 - INFO - +---- END KW: SwingLibrary.Click On Component (10)
20180209 15:55:55.946 - INFO - +--- END KW: Mark Location (18)
~~~~~~~~~~~~~~~~~~~~~~~~~~~~~~~~~~~~~~~~~~~~~~~~~~~~~~~~~~~~~~~~~~~~~~~~~~~~~~
20180209 15:55:55.947 - INFO - +--- START KW: Check Location [ 0 | 2 | X ]
20180209 15:55:55.950 - INFO - +---- START KW: BuiltIn.Catenate [ SEPARATOR= | Square | ${row} | ${col} ]
20180209 15:55:55.952 - INFO - ${component} = Square02
20180209 15:55:55.953 - INFO - +---- END KW: BuiltIn.Catenate (3)
20180209 15:55:55.954 - INFO - +---- START KW: SwingLibrary.Get Button Text [ ${component} ]
20180209 15:55:55.957 - DEBUG - Jemmy: Waiting for "Square02" subcomponent
20180209 15:55:55.957 - DEBUG - Jemmy: Start to wait action "Wait for "Square02" subcomponent to be displayed"
20180209 15:55:55.958 - DEBUG - Jemmy: "Wait for "Square02" subcomponent to be displayed" action has been produced in 1 milliseconds with result 
    : javax.swing.JButton[Square02,522,1,261x181,alignmentX=0.0,alignmentY=0.5,border=javax.swing.plaf.BorderUIResource$CompoundBorderUIResource@192dc6f0,flags=296,maximumSize=,minimumSize=,preferredSize=,defaultIcon=,disabledIcon=,disabledSelectedIcon=,margin=javax.swing.plaf.InsetsUIResource[top=2,left=14,bottom=2,right=14],paintBorder=true,paintFocus=true,pressedIcon=,rolloverEnabled=true,rolloverIcon=,rolloverSelectedIcon=,selectedIcon=,text=X,defaultCapable=true]
20180209 15:55:55.960 - INFO - ${text} = X
20180209 15:55:55.961 - INFO - +---- END KW: SwingLibrary.Get Button Text (6)
20180209 15:55:55.961 - INFO - +---- START KW: BuiltIn.Should Be Equal [ ${text} | ${mark} ]
20180209 15:55:55.964 - INFO - +---- END KW: BuiltIn.Should Be Equal (3)
20180209 15:55:55.965 - INFO - +--- END KW: Check Location (18)
~~~~~~~~~~~~~~~~~~~~~~~~~~~~~~~~~~~~~~~~~~~~~~~~~~~~~~~~~~~~~~~~~~~~~~~~~~~~~~
20180209 15:55:55.966 - INFO - +--- START KW: Mark Location [ 2 | 1 ]
20180209 15:55:55.968 - INFO - +---- START KW: BuiltIn.Catenate [ SEPARATOR= | Square | ${row} | ${col} ]
20180209 15:55:55.970 - INFO - ${component} = Square21
20180209 15:55:55.971 - INFO - +---- END KW: BuiltIn.Catenate (3)
20180209 15:55:55.972 - INFO - +---- START KW: SwingLibrary.Click On Component [ ${component} ]
20180209 15:55:55.973 - DEBUG - Jemmy: Waiting for "Square21" subcomponent
20180209 15:55:55.973 - DEBUG - Jemmy: Start to wait action "Wait for "Square21" subcomponent to be displayed"
20180209 15:55:55.974 - DEBUG - Jemmy: "Wait for "Square21" subcomponent to be displayed" action has been produced in 1 milliseconds with result 
    : javax.swing.JButton[Square21,261,363,261x181,alignmentX=0.0,alignmentY=0.5,border=javax.swing.plaf.BorderUIResource$CompoundBorderUIResource@192dc6f0,flags=296,maximumSize=,minimumSize=,preferredSize=,defaultIcon=,disabledIcon=,disabledSelectedIcon=,margin=javax.swing.plaf.InsetsUIResource[top=2,left=14,bottom=2,right=14],paintBorder=true,paintFocus=true,pressedIcon=,rolloverEnabled=true,rolloverIcon=,rolloverSelectedIcon=,selectedIcon=,text=,defaultCapable=true]
20180209 15:55:55.979 - INFO - +---- END KW: SwingLibrary.Click On Component (8)
20180209 15:55:55.980 - INFO - +--- END KW: Mark Location (14)
~~~~~~~~~~~~~~~~~~~~~~~~~~~~~~~~~~~~~~~~~~~~~~~~~~~~~~~~~~~~~~~~~~~~~~~~~~~~~~
20180209 15:55:55.981 - INFO - +--- START KW: Check Location [ 2 | 1 | O ]
20180209 15:55:55.983 - INFO - +---- START KW: BuiltIn.Catenate [ SEPARATOR= | Square | ${row} | ${col} ]
20180209 15:55:55.985 - INFO - ${component} = Square21
20180209 15:55:55.985 - INFO - +---- END KW: BuiltIn.Catenate (2)
20180209 15:55:55.986 - INFO - +---- START KW: SwingLibrary.Get Button Text [ ${component} ]
20180209 15:55:55.988 - DEBUG - Jemmy: Waiting for "Square21" subcomponent
20180209 15:55:55.988 - DEBUG - Jemmy: Start to wait action "Wait for "Square21" subcomponent to be displayed"
20180209 15:55:55.991 - DEBUG - Jemmy: "Wait for "Square21" subcomponent to be displayed" action has been produced in 3 milliseconds with result 
    : javax.swing.JButton[Square21,261,363,261x181,alignmentX=0.0,alignmentY=0.5,border=javax.swing.plaf.BorderUIResource$CompoundBorderUIResource@192dc6f0,flags=296,maximumSize=,minimumSize=,preferredSize=,defaultIcon=,disabledIcon=,disabledSelectedIcon=,margin=javax.swing.plaf.InsetsUIResource[top=2,left=14,bottom=2,right=14],paintBorder=true,paintFocus=true,pressedIcon=,rolloverEnabled=true,rolloverIcon=,rolloverSelectedIcon=,selectedIcon=,text=O,defaultCapable=true]
20180209 15:55:55.993 - INFO - ${text} = O
20180209 15:55:55.994 - INFO - +---- END KW: SwingLibrary.Get Button Text (7)
20180209 15:55:55.994 - INFO - +---- START KW: BuiltIn.Should Be Equal [ ${text} | ${mark} ]
20180209 15:55:55.996 - INFO - +---- END KW: BuiltIn.Should Be Equal (2)
20180209 15:55:55.997 - INFO - +--- END KW: Check Location (16)
~~~~~~~~~~~~~~~~~~~~~~~~~~~~~~~~~~~~~~~~~~~~~~~~~~~~~~~~~~~~~~~~~~~~~~~~~~~~~~
20180209 15:55:55.998 - INFO - +--- START KW: Winner Should Be [ O ]
20180209 15:55:56.000 - INFO - +---- START KW: SwingLibrary.Get Label Content [ ResultLabel ]
20180209 15:55:56.002 - DEBUG - Jemmy: Waiting for "ResultLabel" subcomponent
20180209 15:55:56.002 - DEBUG - Jemmy: Start to wait action "Wait for "ResultLabel" subcomponent to be displayed"
20180209 15:55:56.002 - DEBUG - Jemmy: "Wait for "ResultLabel" subcomponent to be displayed" action has been produced in 0 milliseconds with result 
    : javax.swing.JLabel[ResultLabel,388,545,9x16,alignmentX=0.0,alignmentY=0.0,border=,flags=8388608,maximumSize=,minimumSize=,preferredSize=,defaultIcon=,disabledIcon=,horizontalAlignment=LEADING,horizontalTextPosition=TRAILING,iconTextGap=4,labelFor=,text=O,verticalAlignment=CENTER,verticalTextPosition=CENTER]
20180209 15:55:56.004 - INFO - ${text} = O
20180209 15:55:56.004 - INFO - +---- END KW: SwingLibrary.Get Label Content (4)
20180209 15:55:56.005 - INFO - +---- START KW: BuiltIn.Should Be Equal [ ${text} | ${winner} ]
20180209 15:55:56.006 - INFO - +---- END KW: BuiltIn.Should Be Equal (2)
20180209 15:55:56.007 - INFO - +---- START KW: SwingLibrary.Close Window [ Tic-Tac-Toe ]
20180209 15:55:56.008 - DEBUG - Jemmy: Start to wait frame "Frame with name or title 'Tic-Tac-Toe'" opened
20180209 15:55:56.008 - DEBUG - Jemmy: Frame "Frame with name or title 'Tic-Tac-Toe'" has been opened in 0 milliseconds
    javax.swing.JFrame[frame4,0,0,800x600,invalid,layout=java.awt.BorderLayout,title=Tic-Tac-Toe,resizable,normal,defaultCloseOperation=EXIT_ON_CLOSE,rootPane=javax.swing.JRootPane[,8,31,784x561,layout=javax.swing.JRootPane$RootLayout,alignmentX=0.0,alignmentY=0.0,border=,flags=16777673,maximumSize=,minimumSize=,preferredSize=],rootPaneCheckingEnabled=true]
20180209 15:55:56.167 - INFO - +---- END KW: SwingLibrary.Close Window (158)
20180209 15:55:56.169 - INFO - +--- END KW: Winner Should Be (170)
------------------------------------------------------------------------------
20180209 15:55:56.177 - INFO - +-- END TEST: Win Horizontally as O (476)
------------------------------------------------------------------------------
20180209 15:55:56.184 - INFO - +-- START TEST: Force a Tie [ ]
------------------------------------------------------------------------------
20180209 15:55:56.186 - INFO - +--- START KW: Start New Game [ ]
20180209 15:55:56.187 - INFO - +---- START KW: SwingLibrary.Start Application [ edu.jsu.mcis.TicTacToe ]
20180209 15:55:56.209 - INFO - +---- END KW: SwingLibrary.Start Application (22)
20180209 15:55:56.210 - INFO - +---- START KW: SwingLibrary.Select Window [ Tic-Tac-Toe ]
20180209 15:55:56.212 - DEBUG - Jemmy: Start to wait frame "Frame with name or title 'Tic-Tac-Toe'" opened
20180209 15:55:56.250 - DEBUG - Jemmy: Frame "Frame with name or title 'Tic-Tac-Toe'" has been opened in 0 milliseconds
    javax.swing.JFrame[frame5,0,0,800x600,layout=java.awt.BorderLayout,title=Tic-Tac-Toe,resizable,normal,defaultCloseOperation=EXIT_ON_CLOSE,rootPane=javax.swing.JRootPane[,8,31,784x561,layout=javax.swing.JRootPane$RootLayout,alignmentX=0.0,alignmentY=0.0,border=,flags=16777673,maximumSize=,minimumSize=,preferredSize=],rootPaneCheckingEnabled=true]
20180209 15:55:56.282 - INFO - +---- END KW: SwingLibrary.Select Window (72)
20180209 15:55:56.283 - INFO - +--- END KW: Start New Game (97)
~~~~~~~~~~~~~~~~~~~~~~~~~~~~~~~~~~~~~~~~~~~~~~~~~~~~~~~~~~~~~~~~~~~~~~~~~~~~~~
20180209 15:55:56.284 - INFO - +--- START KW: Mark Location [ 1 | 1 ]
20180209 15:55:56.285 - INFO - +---- START KW: BuiltIn.Catenate [ SEPARATOR= | Square | ${row} | ${col} ]
20180209 15:55:56.287 - INFO - ${component} = Square11
20180209 15:55:56.288 - INFO - +---- END KW: BuiltIn.Catenate (3)
20180209 15:55:56.288 - INFO - +---- START KW: SwingLibrary.Click On Component [ ${component} ]
20180209 15:55:56.290 - DEBUG - Jemmy: Waiting for "Square11" subcomponent
20180209 15:55:56.290 - DEBUG - Jemmy: Start to wait action "Wait for "Square11" subcomponent to be displayed"
20180209 15:55:56.294 - DEBUG - Jemmy: "Wait for "Square11" subcomponent to be displayed" action has been produced in 3 milliseconds with result 
    : javax.swing.JButton[Square11,261,182,261x181,alignmentX=0.0,alignmentY=0.5,border=javax.swing.plaf.BorderUIResource$CompoundBorderUIResource@192dc6f0,flags=296,maximumSize=,minimumSize=,preferredSize=,defaultIcon=,disabledIcon=,disabledSelectedIcon=,margin=javax.swing.plaf.InsetsUIResource[top=2,left=14,bottom=2,right=14],paintBorder=true,paintFocus=true,pressedIcon=,rolloverEnabled=true,rolloverIcon=,rolloverSelectedIcon=,selectedIcon=,text=,defaultCapable=true]
20180209 15:55:56.300 - INFO - +---- END KW: SwingLibrary.Click On Component (11)
20180209 15:55:56.300 - INFO - +--- END KW: Mark Location (17)
~~~~~~~~~~~~~~~~~~~~~~~~~~~~~~~~~~~~~~~~~~~~~~~~~~~~~~~~~~~~~~~~~~~~~~~~~~~~~~
20180209 15:55:56.301 - INFO - +--- START KW: Check Location [ 1 | 1 | X ]
20180209 15:55:56.302 - INFO - +---- START KW: BuiltIn.Catenate [ SEPARATOR= | Square | ${row} | ${col} ]
20180209 15:55:56.304 - INFO - ${component} = Square11
20180209 15:55:56.304 - INFO - +---- END KW: BuiltIn.Catenate (2)
20180209 15:55:56.305 - INFO - +---- START KW: SwingLibrary.Get Button Text [ ${component} ]
20180209 15:55:56.306 - DEBUG - Jemmy: Waiting for "Square11" subcomponent
20180209 15:55:56.306 - DEBUG - Jemmy: Start to wait action "Wait for "Square11" subcomponent to be displayed"
20180209 15:55:56.315 - DEBUG - Jemmy: "Wait for "Square11" subcomponent to be displayed" action has been produced in 9 milliseconds with result 
    : javax.swing.JButton[Square11,261,182,261x181,alignmentX=0.0,alignmentY=0.5,border=javax.swing.plaf.BorderUIResource$CompoundBorderUIResource@192dc6f0,flags=296,maximumSize=,minimumSize=,preferredSize=,defaultIcon=,disabledIcon=,disabledSelectedIcon=,margin=javax.swing.plaf.InsetsUIResource[top=2,left=14,bottom=2,right=14],paintBorder=true,paintFocus=true,pressedIcon=,rolloverEnabled=true,rolloverIcon=,rolloverSelectedIcon=,selectedIcon=,text=X,defaultCapable=true]
20180209 15:55:56.316 - INFO - ${text} = X
20180209 15:55:56.317 - INFO - +---- END KW: SwingLibrary.Get Button Text (12)
20180209 15:55:56.318 - INFO - +---- START KW: BuiltIn.Should Be Equal [ ${text} | ${mark} ]
20180209 15:55:56.320 - INFO - +---- END KW: BuiltIn.Should Be Equal (2)
20180209 15:55:56.320 - INFO - +--- END KW: Check Location (19)
~~~~~~~~~~~~~~~~~~~~~~~~~~~~~~~~~~~~~~~~~~~~~~~~~~~~~~~~~~~~~~~~~~~~~~~~~~~~~~
20180209 15:55:56.321 - INFO - +--- START KW: Mark Location [ 0 | 0 ]
20180209 15:55:56.322 - INFO - +---- START KW: BuiltIn.Catenate [ SEPARATOR= | Square | ${row} | ${col} ]
20180209 15:55:56.324 - INFO - ${component} = Square00
20180209 15:55:56.325 - INFO - +---- END KW: BuiltIn.Catenate (2)
20180209 15:55:56.325 - INFO - +---- START KW: SwingLibrary.Click On Component [ ${component} ]
20180209 15:55:56.326 - DEBUG - Jemmy: Waiting for "Square00" subcomponent
20180209 15:55:56.326 - DEBUG - Jemmy: Start to wait action "Wait for "Square00" subcomponent to be displayed"
20180209 15:55:56.327 - DEBUG - Jemmy: "Wait for "Square00" subcomponent to be displayed" action has been produced in 1 milliseconds with result 
    : javax.swing.JButton[Square00,0,1,261x181,alignmentX=0.0,alignmentY=0.5,border=javax.swing.plaf.BorderUIResource$CompoundBorderUIResource@192dc6f0,flags=296,maximumSize=,minimumSize=,preferredSize=,defaultIcon=,disabledIcon=,disabledSelectedIcon=,margin=javax.swing.plaf.InsetsUIResource[top=2,left=14,bottom=2,right=14],paintBorder=true,paintFocus=true,pressedIcon=,rolloverEnabled=true,rolloverIcon=,rolloverSelectedIcon=,selectedIcon=,text=,defaultCapable=true]
20180209 15:55:56.332 - INFO - +---- END KW: SwingLibrary.Click On Component (7)
20180209 15:55:56.333 - INFO - +--- END KW: Mark Location (12)
~~~~~~~~~~~~~~~~~~~~~~~~~~~~~~~~~~~~~~~~~~~~~~~~~~~~~~~~~~~~~~~~~~~~~~~~~~~~~~
20180209 15:55:56.334 - INFO - +--- START KW: Check Location [ 0 | 0 | O ]
20180209 15:55:56.335 - INFO - +---- START KW: BuiltIn.Catenate [ SEPARATOR= | Square | ${row} | ${col} ]
20180209 15:55:56.337 - INFO - ${component} = Square00
20180209 15:55:56.338 - INFO - +---- END KW: BuiltIn.Catenate (3)
20180209 15:55:56.338 - INFO - +---- START KW: SwingLibrary.Get Button Text [ ${component} ]
20180209 15:55:56.340 - DEBUG - Jemmy: Waiting for "Square00" subcomponent
20180209 15:55:56.340 - DEBUG - Jemmy: Start to wait action "Wait for "Square00" subcomponent to be displayed"
20180209 15:55:56.363 - DEBUG - Jemmy: "Wait for "Square00" subcomponent to be displayed" action has been produced in 22 milliseconds with result 
    : javax.swing.JButton[Square00,0,1,261x181,alignmentX=0.0,alignmentY=0.5,border=javax.swing.plaf.BorderUIResource$CompoundBorderUIResource@192dc6f0,flags=296,maximumSize=,minimumSize=,preferredSize=,defaultIcon=,disabledIcon=,disabledSelectedIcon=,margin=javax.swing.plaf.InsetsUIResource[top=2,left=14,bottom=2,right=14],paintBorder=true,paintFocus=true,pressedIcon=,rolloverEnabled=true,rolloverIcon=,rolloverSelectedIcon=,selectedIcon=,text=O,defaultCapable=true]
20180209 15:55:56.364 - INFO - ${text} = O
20180209 15:55:56.365 - INFO - +---- END KW: SwingLibrary.Get Button Text (27)
20180209 15:55:56.365 - INFO - +---- START KW: BuiltIn.Should Be Equal [ ${text} | ${mark} ]
20180209 15:55:56.367 - INFO - +---- END KW: BuiltIn.Should Be Equal (2)
20180209 15:55:56.368 - INFO - +--- END KW: Check Location (35)
~~~~~~~~~~~~~~~~~~~~~~~~~~~~~~~~~~~~~~~~~~~~~~~~~~~~~~~~~~~~~~~~~~~~~~~~~~~~~~
20180209 15:55:56.368 - INFO - +--- START KW: Mark Location [ 2 | 0 ]
20180209 15:55:56.369 - INFO - +---- START KW: BuiltIn.Catenate [ SEPARATOR= | Square | ${row} | ${col} ]
20180209 15:55:56.371 - INFO - ${component} = Square20
20180209 15:55:56.372 - INFO - +---- END KW: BuiltIn.Catenate (2)
20180209 15:55:56.372 - INFO - +---- START KW: SwingLibrary.Click On Component [ ${component} ]
20180209 15:55:56.373 - DEBUG - Jemmy: Waiting for "Square20" subcomponent
20180209 15:55:56.373 - DEBUG - Jemmy: Start to wait action "Wait for "Square20" subcomponent to be displayed"
20180209 15:55:56.373 - DEBUG - Jemmy: "Wait for "Square20" subcomponent to be displayed" action has been produced in 0 milliseconds with result 
    : javax.swing.JButton[Square20,0,363,261x181,alignmentX=0.0,alignmentY=0.5,border=javax.swing.plaf.BorderUIResource$CompoundBorderUIResource@192dc6f0,flags=296,maximumSize=,minimumSize=,preferredSize=,defaultIcon=,disabledIcon=,disabledSelectedIcon=,margin=javax.swing.plaf.InsetsUIResource[top=2,left=14,bottom=2,right=14],paintBorder=true,paintFocus=true,pressedIcon=,rolloverEnabled=true,rolloverIcon=,rolloverSelectedIcon=,selectedIcon=,text=,defaultCapable=true]
20180209 15:55:56.378 - INFO - +---- END KW: SwingLibrary.Click On Component (6)
20180209 15:55:56.379 - INFO - +--- END KW: Mark Location (11)
~~~~~~~~~~~~~~~~~~~~~~~~~~~~~~~~~~~~~~~~~~~~~~~~~~~~~~~~~~~~~~~~~~~~~~~~~~~~~~
20180209 15:55:56.379 - INFO - +--- START KW: Check Location [ 2 | 0 | X ]
20180209 15:55:56.381 - INFO - +---- START KW: BuiltIn.Catenate [ SEPARATOR= | Square | ${row} | ${col} ]
20180209 15:55:56.412 - INFO - ${component} = Square20
20180209 15:55:56.413 - INFO - +---- END KW: BuiltIn.Catenate (31)
20180209 15:55:56.413 - INFO - +---- START KW: SwingLibrary.Get Button Text [ ${component} ]
20180209 15:55:56.417 - DEBUG - Jemmy: Waiting for "Square20" subcomponent
20180209 15:55:56.417 - DEBUG - Jemmy: Start to wait action "Wait for "Square20" subcomponent to be displayed"
20180209 15:55:56.420 - DEBUG - Jemmy: "Wait for "Square20" subcomponent to be displayed" action has been produced in 2 milliseconds with result 
    : javax.swing.JButton[Square20,0,363,261x181,alignmentX=0.0,alignmentY=0.5,border=javax.swing.plaf.BorderUIResource$CompoundBorderUIResource@192dc6f0,flags=296,maximumSize=,minimumSize=,preferredSize=,defaultIcon=,disabledIcon=,disabledSelectedIcon=,margin=javax.swing.plaf.InsetsUIResource[top=2,left=14,bottom=2,right=14],paintBorder=true,paintFocus=true,pressedIcon=,rolloverEnabled=true,rolloverIcon=,rolloverSelectedIcon=,selectedIcon=,text=X,defaultCapable=true]
20180209 15:55:56.422 - INFO - ${text} = X
20180209 15:55:56.423 - INFO - +---- END KW: SwingLibrary.Get Button Text (9)
20180209 15:55:56.423 - INFO - +---- START KW: BuiltIn.Should Be Equal [ ${text} | ${mark} ]
20180209 15:55:56.426 - INFO - +---- END KW: BuiltIn.Should Be Equal (2)
20180209 15:55:56.427 - INFO - +--- END KW: Check Location (47)
~~~~~~~~~~~~~~~~~~~~~~~~~~~~~~~~~~~~~~~~~~~~~~~~~~~~~~~~~~~~~~~~~~~~~~~~~~~~~~
20180209 15:55:56.427 - INFO - +--- START KW: Mark Location [ 0 | 2 ]
20180209 15:55:56.429 - INFO - +---- START KW: BuiltIn.Catenate [ SEPARATOR= | Square | ${row} | ${col} ]
20180209 15:55:56.431 - INFO - ${component} = Square02
20180209 15:55:56.431 - INFO - +---- END KW: BuiltIn.Catenate (2)
20180209 15:55:56.432 - INFO - +---- START KW: SwingLibrary.Click On Component [ ${component} ]
20180209 15:55:56.435 - DEBUG - Jemmy: Waiting for "Square02" subcomponent
20180209 15:55:56.435 - DEBUG - Jemmy: Start to wait action "Wait for "Square02" subcomponent to be displayed"
20180209 15:55:56.435 - DEBUG - Jemmy: "Wait for "Square02" subcomponent to be displayed" action has been produced in 0 milliseconds with result 
    : javax.swing.JButton[Square02,522,1,261x181,alignmentX=0.0,alignmentY=0.5,border=javax.swing.plaf.BorderUIResource$CompoundBorderUIResource@192dc6f0,flags=296,maximumSize=,minimumSize=,preferredSize=,defaultIcon=,disabledIcon=,disabledSelectedIcon=,margin=javax.swing.plaf.InsetsUIResource[top=2,left=14,bottom=2,right=14],paintBorder=true,paintFocus=true,pressedIcon=,rolloverEnabled=true,rolloverIcon=,rolloverSelectedIcon=,selectedIcon=,text=,defaultCapable=true]
20180209 15:55:56.441 - INFO - +---- END KW: SwingLibrary.Click On Component (9)
20180209 15:55:56.442 - INFO - +--- END KW: Mark Location (14)
~~~~~~~~~~~~~~~~~~~~~~~~~~~~~~~~~~~~~~~~~~~~~~~~~~~~~~~~~~~~~~~~~~~~~~~~~~~~~~
20180209 15:55:56.442 - INFO - +--- START KW: Check Location [ 0 | 2 | O ]
20180209 15:55:56.443 - INFO - +---- START KW: BuiltIn.Catenate [ SEPARATOR= | Square | ${row} | ${col} ]
20180209 15:55:56.445 - INFO - ${component} = Square02
20180209 15:55:56.446 - INFO - +---- END KW: BuiltIn.Catenate (2)
20180209 15:55:56.446 - INFO - +---- START KW: SwingLibrary.Get Button Text [ ${component} ]
20180209 15:55:56.447 - DEBUG - Jemmy: Waiting for "Square02" subcomponent
20180209 15:55:56.447 - DEBUG - Jemmy: Start to wait action "Wait for "Square02" subcomponent to be displayed"
20180209 15:55:56.448 - DEBUG - Jemmy: "Wait for "Square02" subcomponent to be displayed" action has been produced in 1 milliseconds with result 
    : javax.swing.JButton[Square02,522,1,261x181,alignmentX=0.0,alignmentY=0.5,border=javax.swing.plaf.BorderUIResource$CompoundBorderUIResource@192dc6f0,flags=296,maximumSize=,minimumSize=,preferredSize=,defaultIcon=,disabledIcon=,disabledSelectedIcon=,margin=javax.swing.plaf.InsetsUIResource[top=2,left=14,bottom=2,right=14],paintBorder=true,paintFocus=true,pressedIcon=,rolloverEnabled=true,rolloverIcon=,rolloverSelectedIcon=,selectedIcon=,text=O,defaultCapable=true]
20180209 15:55:56.450 - INFO - ${text} = O
20180209 15:55:56.450 - INFO - +---- END KW: SwingLibrary.Get Button Text (4)
20180209 15:55:56.451 - INFO - +---- START KW: BuiltIn.Should Be Equal [ ${text} | ${mark} ]
20180209 15:55:56.452 - INFO - +---- END KW: BuiltIn.Should Be Equal (2)
20180209 15:55:56.453 - INFO - +--- END KW: Check Location (10)
~~~~~~~~~~~~~~~~~~~~~~~~~~~~~~~~~~~~~~~~~~~~~~~~~~~~~~~~~~~~~~~~~~~~~~~~~~~~~~
20180209 15:55:56.453 - INFO - +--- START KW: Mark Location [ 0 | 1 ]
20180209 15:55:56.454 - INFO - +---- START KW: BuiltIn.Catenate [ SEPARATOR= | Square | ${row} | ${col} ]
20180209 15:55:56.456 - INFO - ${component} = Square01
20180209 15:55:56.456 - INFO - +---- END KW: BuiltIn.Catenate (2)
20180209 15:55:56.456 - INFO - +---- START KW: SwingLibrary.Click On Component [ ${component} ]
20180209 15:55:56.457 - DEBUG - Jemmy: Waiting for "Square01" subcomponent
20180209 15:55:56.457 - DEBUG - Jemmy: Start to wait action "Wait for "Square01" subcomponent to be displayed"
20180209 15:55:56.458 - DEBUG - Jemmy: "Wait for "Square01" subcomponent to be displayed" action has been produced in 1 milliseconds with result 
    : javax.swing.JButton[Square01,261,1,261x181,alignmentX=0.0,alignmentY=0.5,border=javax.swing.plaf.BorderUIResource$CompoundBorderUIResource@192dc6f0,flags=296,maximumSize=,minimumSize=,preferredSize=,defaultIcon=,disabledIcon=,disabledSelectedIcon=,margin=javax.swing.plaf.InsetsUIResource[top=2,left=14,bottom=2,right=14],paintBorder=true,paintFocus=true,pressedIcon=,rolloverEnabled=true,rolloverIcon=,rolloverSelectedIcon=,selectedIcon=,text=,defaultCapable=true]
20180209 15:55:56.462 - INFO - +---- END KW: SwingLibrary.Click On Component (6)
20180209 15:55:56.463 - INFO - +--- END KW: Mark Location (10)
~~~~~~~~~~~~~~~~~~~~~~~~~~~~~~~~~~~~~~~~~~~~~~~~~~~~~~~~~~~~~~~~~~~~~~~~~~~~~~
20180209 15:55:56.464 - INFO - +--- START KW: Check Location [ 0 | 1 | X ]
20180209 15:55:56.466 - INFO - +---- START KW: BuiltIn.Catenate [ SEPARATOR= | Square | ${row} | ${col} ]
20180209 15:55:56.468 - INFO - ${component} = Square01
20180209 15:55:56.469 - INFO - +---- END KW: BuiltIn.Catenate (3)
20180209 15:55:56.469 - INFO - +---- START KW: SwingLibrary.Get Button Text [ ${component} ]
20180209 15:55:56.471 - DEBUG - Jemmy: Waiting for "Square01" subcomponent
20180209 15:55:56.471 - DEBUG - Jemmy: Start to wait action "Wait for "Square01" subcomponent to be displayed"
20180209 15:55:56.474 - DEBUG - Jemmy: "Wait for "Square01" subcomponent to be displayed" action has been produced in 3 milliseconds with result 
    : javax.swing.JButton[Square01,261,1,261x181,alignmentX=0.0,alignmentY=0.5,border=javax.swing.plaf.BorderUIResource$CompoundBorderUIResource@192dc6f0,flags=296,maximumSize=,minimumSize=,preferredSize=,defaultIcon=,disabledIcon=,disabledSelectedIcon=,margin=javax.swing.plaf.InsetsUIResource[top=2,left=14,bottom=2,right=14],paintBorder=true,paintFocus=true,pressedIcon=,rolloverEnabled=true,rolloverIcon=,rolloverSelectedIcon=,selectedIcon=,text=X,defaultCapable=true]
20180209 15:55:56.476 - INFO - ${text} = X
20180209 15:55:56.477 - INFO - +---- END KW: SwingLibrary.Get Button Text (8)
20180209 15:55:56.477 - INFO - +---- START KW: BuiltIn.Should Be Equal [ ${text} | ${mark} ]
20180209 15:55:56.479 - INFO - +---- END KW: BuiltIn.Should Be Equal (2)
20180209 15:55:56.480 - INFO - +--- END KW: Check Location (16)
~~~~~~~~~~~~~~~~~~~~~~~~~~~~~~~~~~~~~~~~~~~~~~~~~~~~~~~~~~~~~~~~~~~~~~~~~~~~~~
20180209 15:55:56.480 - INFO - +--- START KW: Mark Location [ 2 | 1 ]
20180209 15:55:56.481 - INFO - +---- START KW: BuiltIn.Catenate [ SEPARATOR= | Square | ${row} | ${col} ]
20180209 15:55:56.483 - INFO - ${component} = Square21
20180209 15:55:56.484 - INFO - +---- END KW: BuiltIn.Catenate (2)
20180209 15:55:56.484 - INFO - +---- START KW: SwingLibrary.Click On Component [ ${component} ]
20180209 15:55:56.485 - DEBUG - Jemmy: Waiting for "Square21" subcomponent
20180209 15:55:56.485 - DEBUG - Jemmy: Start to wait action "Wait for "Square21" subcomponent to be displayed"
20180209 15:55:56.486 - DEBUG - Jemmy: "Wait for "Square21" subcomponent to be displayed" action has been produced in 0 milliseconds with result 
    : javax.swing.JButton[Square21,261,363,261x181,alignmentX=0.0,alignmentY=0.5,border=javax.swing.plaf.BorderUIResource$CompoundBorderUIResource@192dc6f0,flags=296,maximumSize=,minimumSize=,preferredSize=,defaultIcon=,disabledIcon=,disabledSelectedIcon=,margin=javax.swing.plaf.InsetsUIResource[top=2,left=14,bottom=2,right=14],paintBorder=true,paintFocus=true,pressedIcon=,rolloverEnabled=true,rolloverIcon=,rolloverSelectedIcon=,selectedIcon=,text=,defaultCapable=true]
20180209 15:55:56.490 - INFO - +---- END KW: SwingLibrary.Click On Component (6)
20180209 15:55:56.491 - INFO - +--- END KW: Mark Location (11)
~~~~~~~~~~~~~~~~~~~~~~~~~~~~~~~~~~~~~~~~~~~~~~~~~~~~~~~~~~~~~~~~~~~~~~~~~~~~~~
20180209 15:55:56.492 - INFO - +--- START KW: Check Location [ 2 | 1 | O ]
20180209 15:55:56.493 - INFO - +---- START KW: BuiltIn.Catenate [ SEPARATOR= | Square | ${row} | ${col} ]
20180209 15:55:56.495 - INFO - ${component} = Square21
20180209 15:55:56.496 - INFO - +---- END KW: BuiltIn.Catenate (3)
20180209 15:55:56.496 - INFO - +---- START KW: SwingLibrary.Get Button Text [ ${component} ]
20180209 15:55:56.497 - DEBUG - Jemmy: Waiting for "Square21" subcomponent
20180209 15:55:56.497 - DEBUG - Jemmy: Start to wait action "Wait for "Square21" subcomponent to be displayed"
20180209 15:55:56.501 - DEBUG - Jemmy: "Wait for "Square21" subcomponent to be displayed" action has been produced in 3 milliseconds with result 
    : javax.swing.JButton[Square21,261,363,261x181,alignmentX=0.0,alignmentY=0.5,border=javax.swing.plaf.BorderUIResource$CompoundBorderUIResource@192dc6f0,flags=296,maximumSize=,minimumSize=,preferredSize=,defaultIcon=,disabledIcon=,disabledSelectedIcon=,margin=javax.swing.plaf.InsetsUIResource[top=2,left=14,bottom=2,right=14],paintBorder=true,paintFocus=true,pressedIcon=,rolloverEnabled=true,rolloverIcon=,rolloverSelectedIcon=,selectedIcon=,text=O,defaultCapable=true]
20180209 15:55:56.502 - INFO - ${text} = O
20180209 15:55:56.502 - INFO - +---- END KW: SwingLibrary.Get Button Text (6)
20180209 15:55:56.503 - INFO - +---- START KW: BuiltIn.Should Be Equal [ ${text} | ${mark} ]
20180209 15:55:56.504 - INFO - +---- END KW: BuiltIn.Should Be Equal (1)
20180209 15:55:56.505 - INFO - +--- END KW: Check Location (13)
~~~~~~~~~~~~~~~~~~~~~~~~~~~~~~~~~~~~~~~~~~~~~~~~~~~~~~~~~~~~~~~~~~~~~~~~~~~~~~
20180209 15:55:56.505 - INFO - +--- START KW: Mark Location [ 1 | 2 ]
20180209 15:55:56.507 - INFO - +---- START KW: BuiltIn.Catenate [ SEPARATOR= | Square | ${row} | ${col} ]
20180209 15:55:56.508 - INFO - ${component} = Square12
20180209 15:55:56.509 - INFO - +---- END KW: BuiltIn.Catenate (2)
20180209 15:55:56.509 - INFO - +---- START KW: SwingLibrary.Click On Component [ ${component} ]
20180209 15:55:56.510 - DEBUG - Jemmy: Waiting for "Square12" subcomponent
20180209 15:55:56.510 - DEBUG - Jemmy: Start to wait action "Wait for "Square12" subcomponent to be displayed"
20180209 15:55:56.511 - DEBUG - Jemmy: "Wait for "Square12" subcomponent to be displayed" action has been produced in 0 milliseconds with result 
    : javax.swing.JButton[Square12,522,182,261x181,alignmentX=0.0,alignmentY=0.5,border=javax.swing.plaf.BorderUIResource$CompoundBorderUIResource@192dc6f0,flags=296,maximumSize=,minimumSize=,preferredSize=,defaultIcon=,disabledIcon=,disabledSelectedIcon=,margin=javax.swing.plaf.InsetsUIResource[top=2,left=14,bottom=2,right=14],paintBorder=true,paintFocus=true,pressedIcon=,rolloverEnabled=true,rolloverIcon=,rolloverSelectedIcon=,selectedIcon=,text=,defaultCapable=true]
20180209 15:55:56.516 - INFO - +---- END KW: SwingLibrary.Click On Component (7)
20180209 15:55:56.517 - INFO - +--- END KW: Mark Location (11)
~~~~~~~~~~~~~~~~~~~~~~~~~~~~~~~~~~~~~~~~~~~~~~~~~~~~~~~~~~~~~~~~~~~~~~~~~~~~~~
20180209 15:55:56.517 - INFO - +--- START KW: Check Location [ 1 | 2 | X ]
20180209 15:55:56.519 - INFO - +---- START KW: BuiltIn.Catenate [ SEPARATOR= | Square | ${row} | ${col} ]
20180209 15:55:56.521 - INFO - ${component} = Square12
20180209 15:55:56.521 - INFO - +---- END KW: BuiltIn.Catenate (2)
20180209 15:55:56.522 - INFO - +---- START KW: SwingLibrary.Get Button Text [ ${component} ]
20180209 15:55:56.524 - DEBUG - Jemmy: Waiting for "Square12" subcomponent
20180209 15:55:56.524 - DEBUG - Jemmy: Start to wait action "Wait for "Square12" subcomponent to be displayed"
20180209 15:55:56.526 - DEBUG - Jemmy: "Wait for "Square12" subcomponent to be displayed" action has been produced in 2 milliseconds with result 
    : javax.swing.JButton[Square12,522,182,261x181,alignmentX=0.0,alignmentY=0.5,border=javax.swing.plaf.BorderUIResource$CompoundBorderUIResource@192dc6f0,flags=296,maximumSize=,minimumSize=,preferredSize=,defaultIcon=,disabledIcon=,disabledSelectedIcon=,margin=javax.swing.plaf.InsetsUIResource[top=2,left=14,bottom=2,right=14],paintBorder=true,paintFocus=true,pressedIcon=,rolloverEnabled=true,rolloverIcon=,rolloverSelectedIcon=,selectedIcon=,text=X,defaultCapable=true]
20180209 15:55:56.528 - INFO - ${text} = X
20180209 15:55:56.528 - INFO - +---- END KW: SwingLibrary.Get Button Text (6)
20180209 15:55:56.529 - INFO - +---- START KW: BuiltIn.Should Be Equal [ ${text} | ${mark} ]
20180209 15:55:56.531 - INFO - +---- END KW: BuiltIn.Should Be Equal (1)
20180209 15:55:56.531 - INFO - +--- END KW: Check Location (14)
~~~~~~~~~~~~~~~~~~~~~~~~~~~~~~~~~~~~~~~~~~~~~~~~~~~~~~~~~~~~~~~~~~~~~~~~~~~~~~
20180209 15:55:56.532 - INFO - +--- START KW: Mark Location [ 1 | 0 ]
20180209 15:55:56.534 - INFO - +---- START KW: BuiltIn.Catenate [ SEPARATOR= | Square | ${row} | ${col} ]
20180209 15:55:56.536 - INFO - ${component} = Square10
20180209 15:55:56.536 - INFO - +---- END KW: BuiltIn.Catenate (2)
20180209 15:55:56.537 - INFO - +---- START KW: SwingLibrary.Click On Component [ ${component} ]
20180209 15:55:56.538 - DEBUG - Jemmy: Waiting for "Square10" subcomponent
20180209 15:55:56.538 - DEBUG - Jemmy: Start to wait action "Wait for "Square10" subcomponent to be displayed"
20180209 15:55:56.539 - DEBUG - Jemmy: "Wait for "Square10" subcomponent to be displayed" action has been produced in 0 milliseconds with result 
    : javax.swing.JButton[Square10,0,182,261x181,alignmentX=0.0,alignmentY=0.5,border=javax.swing.plaf.BorderUIResource$CompoundBorderUIResource@192dc6f0,flags=296,maximumSize=,minimumSize=,preferredSize=,defaultIcon=,disabledIcon=,disabledSelectedIcon=,margin=javax.swing.plaf.InsetsUIResource[top=2,left=14,bottom=2,right=14],paintBorder=true,paintFocus=true,pressedIcon=,rolloverEnabled=true,rolloverIcon=,rolloverSelectedIcon=,selectedIcon=,text=,defaultCapable=true]
20180209 15:55:56.544 - INFO - +---- END KW: SwingLibrary.Click On Component (7)
20180209 15:55:56.545 - INFO - +--- END KW: Mark Location (12)
~~~~~~~~~~~~~~~~~~~~~~~~~~~~~~~~~~~~~~~~~~~~~~~~~~~~~~~~~~~~~~~~~~~~~~~~~~~~~~
20180209 15:55:56.545 - INFO - +--- START KW: Check Location [ 1 | 0 | O ]
20180209 15:55:56.547 - INFO - +---- START KW: BuiltIn.Catenate [ SEPARATOR= | Square | ${row} | ${col} ]
20180209 15:55:56.549 - INFO - ${component} = Square10
20180209 15:55:56.550 - INFO - +---- END KW: BuiltIn.Catenate (2)
20180209 15:55:56.550 - INFO - +---- START KW: SwingLibrary.Get Button Text [ ${component} ]
20180209 15:55:56.551 - DEBUG - Jemmy: Waiting for "Square10" subcomponent
20180209 15:55:56.551 - DEBUG - Jemmy: Start to wait action "Wait for "Square10" subcomponent to be displayed"
20180209 15:55:56.552 - DEBUG - Jemmy: "Wait for "Square10" subcomponent to be displayed" action has been produced in 1 milliseconds with result 
    : javax.swing.JButton[Square10,0,182,261x181,alignmentX=0.0,alignmentY=0.5,border=javax.swing.plaf.BorderUIResource$CompoundBorderUIResource@192dc6f0,flags=296,maximumSize=,minimumSize=,preferredSize=,defaultIcon=,disabledIcon=,disabledSelectedIcon=,margin=javax.swing.plaf.InsetsUIResource[top=2,left=14,bottom=2,right=14],paintBorder=true,paintFocus=true,pressedIcon=,rolloverEnabled=true,rolloverIcon=,rolloverSelectedIcon=,selectedIcon=,text=O,defaultCapable=true]
20180209 15:55:56.554 - INFO - ${text} = O
20180209 15:55:56.555 - INFO - +---- END KW: SwingLibrary.Get Button Text (5)
20180209 15:55:56.555 - INFO - +---- START KW: BuiltIn.Should Be Equal [ ${text} | ${mark} ]
20180209 15:55:56.557 - INFO - +---- END KW: BuiltIn.Should Be Equal (2)
20180209 15:55:56.558 - INFO - +--- END KW: Check Location (12)
~~~~~~~~~~~~~~~~~~~~~~~~~~~~~~~~~~~~~~~~~~~~~~~~~~~~~~~~~~~~~~~~~~~~~~~~~~~~~~
20180209 15:55:56.558 - INFO - +--- START KW: Mark Location [ 2 | 2 ]
20180209 15:55:56.559 - INFO - +---- START KW: BuiltIn.Catenate [ SEPARATOR= | Square | ${row} | ${col} ]
20180209 15:55:56.561 - INFO - ${component} = Square22
20180209 15:55:56.561 - INFO - +---- END KW: BuiltIn.Catenate (2)
20180209 15:55:56.562 - INFO - +---- START KW: SwingLibrary.Click On Component [ ${component} ]
20180209 15:55:56.563 - DEBUG - Jemmy: Waiting for "Square22" subcomponent
20180209 15:55:56.563 - DEBUG - Jemmy: Start to wait action "Wait for "Square22" subcomponent to be displayed"
20180209 15:55:56.564 - DEBUG - Jemmy: "Wait for "Square22" subcomponent to be displayed" action has been produced in 1 milliseconds with result 
    : javax.swing.JButton[Square22,522,363,261x181,alignmentX=0.0,alignmentY=0.5,border=javax.swing.plaf.BorderUIResource$CompoundBorderUIResource@192dc6f0,flags=296,maximumSize=,minimumSize=,preferredSize=,defaultIcon=,disabledIcon=,disabledSelectedIcon=,margin=javax.swing.plaf.InsetsUIResource[top=2,left=14,bottom=2,right=14],paintBorder=true,paintFocus=true,pressedIcon=,rolloverEnabled=true,rolloverIcon=,rolloverSelectedIcon=,selectedIcon=,text=,defaultCapable=true]
20180209 15:55:56.569 - INFO - +---- END KW: SwingLibrary.Click On Component (7)
20180209 15:55:56.570 - INFO - +--- END KW: Mark Location (12)
~~~~~~~~~~~~~~~~~~~~~~~~~~~~~~~~~~~~~~~~~~~~~~~~~~~~~~~~~~~~~~~~~~~~~~~~~~~~~~
20180209 15:55:56.571 - INFO - +--- START KW: Check Location [ 2 | 2 | X ]
20180209 15:55:56.573 - INFO - +---- START KW: BuiltIn.Catenate [ SEPARATOR= | Square | ${row} | ${col} ]
20180209 15:55:56.575 - INFO - ${component} = Square22
20180209 15:55:56.576 - INFO - +---- END KW: BuiltIn.Catenate (3)
20180209 15:55:56.577 - INFO - +---- START KW: SwingLibrary.Get Button Text [ ${component} ]
20180209 15:55:56.578 - DEBUG - Jemmy: Waiting for "Square22" subcomponent
20180209 15:55:56.578 - DEBUG - Jemmy: Start to wait action "Wait for "Square22" subcomponent to be displayed"
20180209 15:55:56.582 - DEBUG - Jemmy: "Wait for "Square22" subcomponent to be displayed" action has been produced in 4 milliseconds with result 
    : javax.swing.JButton[Square22,522,363,261x181,alignmentX=0.0,alignmentY=0.5,border=javax.swing.plaf.BorderUIResource$CompoundBorderUIResource@192dc6f0,flags=296,maximumSize=,minimumSize=,preferredSize=,defaultIcon=,disabledIcon=,disabledSelectedIcon=,margin=javax.swing.plaf.InsetsUIResource[top=2,left=14,bottom=2,right=14],paintBorder=true,paintFocus=true,pressedIcon=,rolloverEnabled=true,rolloverIcon=,rolloverSelectedIcon=,selectedIcon=,text=X,defaultCapable=true]
20180209 15:55:56.583 - INFO - ${text} = X
20180209 15:55:56.584 - INFO - +---- END KW: SwingLibrary.Get Button Text (7)
20180209 15:55:56.584 - INFO - +---- START KW: BuiltIn.Should Be Equal [ ${text} | ${mark} ]
20180209 15:55:56.586 - INFO - +---- END KW: BuiltIn.Should Be Equal (2)
20180209 15:55:56.587 - INFO - +--- END KW: Check Location (16)
~~~~~~~~~~~~~~~~~~~~~~~~~~~~~~~~~~~~~~~~~~~~~~~~~~~~~~~~~~~~~~~~~~~~~~~~~~~~~~
20180209 15:55:56.587 - INFO - +--- START KW: Winner Should Be [ TIE ]
20180209 15:55:56.588 - INFO - +---- START KW: SwingLibrary.Get Label Content [ ResultLabel ]
20180209 15:55:56.589 - DEBUG - Jemmy: Waiting for "ResultLabel" subcomponent
20180209 15:55:56.589 - DEBUG - Jemmy: Start to wait action "Wait for "ResultLabel" subcomponent to be displayed"
20180209 15:55:56.590 - DEBUG - Jemmy: "Wait for "ResultLabel" subcomponent to be displayed" action has been produced in 1 milliseconds with result 
    : javax.swing.JLabel[ResultLabel,388,545,17x16,alignmentX=0.0,alignmentY=0.0,border=,flags=8388608,maximumSize=,minimumSize=,preferredSize=,defaultIcon=,disabledIcon=,horizontalAlignment=LEADING,horizontalTextPosition=TRAILING,iconTextGap=4,labelFor=,text=TIE,verticalAlignment=CENTER,verticalTextPosition=CENTER]
20180209 15:55:56.591 - INFO - ${text} = TIE
20180209 15:55:56.591 - INFO - +---- END KW: SwingLibrary.Get Label Content (3)
20180209 15:55:56.592 - INFO - +---- START KW: BuiltIn.Should Be Equal [ ${text} | ${winner} ]
20180209 15:55:56.594 - INFO - +---- END KW: BuiltIn.Should Be Equal (1)
20180209 15:55:56.594 - INFO - +---- START KW: SwingLibrary.Close Window [ Tic-Tac-Toe ]
20180209 15:55:56.595 - DEBUG - Jemmy: Start to wait frame "Frame with name or title 'Tic-Tac-Toe'" opened
20180209 15:55:56.596 - DEBUG - Jemmy: Frame "Frame with name or title 'Tic-Tac-Toe'" has been opened in 0 milliseconds
    javax.swing.JFrame[frame5,0,0,800x600,invalid,layout=java.awt.BorderLayout,title=Tic-Tac-Toe,resizable,normal,defaultCloseOperation=EXIT_ON_CLOSE,rootPane=javax.swing.JRootPane[,8,31,784x561,layout=javax.swing.JRootPane$RootLayout,alignmentX=0.0,alignmentY=0.0,border=,flags=16777673,maximumSize=,minimumSize=,preferredSize=],rootPaneCheckingEnabled=true]
20180209 15:55:56.751 - INFO - +---- END KW: SwingLibrary.Close Window (157)
20180209 15:55:56.751 - INFO - +--- END KW: Winner Should Be (164)
------------------------------------------------------------------------------
20180209 15:55:56.753 - INFO - +-- END TEST: Force a Tie (573)
------------------------------------------------------------------------------
20180209 15:55:56.760 - INFO - +- END SUITE: Acceptancetest.TicTacToeGUITests (2687)
==============================================================================
20180209 15:55:56.782 - INFO - +- START SUITE: Acceptancetest.TicTacToeTests [ ]
==============================================================================
20180209 15:55:56.784 - INFO - +-- START TEST: Win Diagonally as X [ ]
------------------------------------------------------------------------------
20180209 15:55:56.786 - INFO - +--- START KW: keywords.TicTacToeKeywords.Start New Game [ ]
20180209 15:55:56.787 - INFO - +--- END KW: keywords.TicTacToeKeywords.Start New Game (2)
~~~~~~~~~~~~~~~~~~~~~~~~~~~~~~~~~~~~~~~~~~~~~~~~~~~~~~~~~~~~~~~~~~~~~~~~~~~~~~
20180209 15:55:56.787 - INFO - +--- START KW: keywords.TicTacToeKeywords.Mark Location [ 1 | 1 ]
20180209 15:55:56.789 - INFO - +--- END KW: keywords.TicTacToeKeywords.Mark Location (1)
~~~~~~~~~~~~~~~~~~~~~~~~~~~~~~~~~~~~~~~~~~~~~~~~~~~~~~~~~~~~~~~~~~~~~~~~~~~~~~
20180209 15:55:56.789 - INFO - +--- START KW: Check Location [ 1 | 1 | X ]
20180209 15:55:56.791 - INFO - +---- START KW: keywords.TicTacToeKeywords.Get Mark [ ${row} | ${col} ]
20180209 15:55:56.793 - INFO - ${m} = X
20180209 15:55:56.794 - INFO - +---- END KW: keywords.TicTacToeKeywords.Get Mark (3)
20180209 15:55:56.794 - INFO - +---- START KW: BuiltIn.Should Be Equal [ ${m} | ${mark} ]
20180209 15:55:56.796 - INFO - +---- END KW: BuiltIn.Should Be Equal (2)
20180209 15:55:56.797 - INFO - +--- END KW: Check Location (8)
~~~~~~~~~~~~~~~~~~~~~~~~~~~~~~~~~~~~~~~~~~~~~~~~~~~~~~~~~~~~~~~~~~~~~~~~~~~~~~
20180209 15:55:56.797 - INFO - +--- START KW: keywords.TicTacToeKeywords.Mark Location [ 0 | 1 ]
20180209 15:55:56.799 - INFO - +--- END KW: keywords.TicTacToeKeywords.Mark Location (2)
~~~~~~~~~~~~~~~~~~~~~~~~~~~~~~~~~~~~~~~~~~~~~~~~~~~~~~~~~~~~~~~~~~~~~~~~~~~~~~
20180209 15:55:56.800 - INFO - +--- START KW: Check Location [ 0 | 1 | O ]
20180209 15:55:56.801 - INFO - +---- START KW: keywords.TicTacToeKeywords.Get Mark [ ${row} | ${col} ]
20180209 15:55:56.802 - INFO - ${m} = O
20180209 15:55:56.803 - INFO - +---- END KW: keywords.TicTacToeKeywords.Get Mark (2)
20180209 15:55:56.803 - INFO - +---- START KW: BuiltIn.Should Be Equal [ ${m} | ${mark} ]
20180209 15:55:56.805 - INFO - +---- END KW: BuiltIn.Should Be Equal (2)
20180209 15:55:56.806 - INFO - +--- END KW: Check Location (5)
~~~~~~~~~~~~~~~~~~~~~~~~~~~~~~~~~~~~~~~~~~~~~~~~~~~~~~~~~~~~~~~~~~~~~~~~~~~~~~
20180209 15:55:56.806 - INFO - +--- START KW: keywords.TicTacToeKeywords.Mark Location [ 0 | 0 ]
20180209 15:55:56.807 - INFO - +--- END KW: keywords.TicTacToeKeywords.Mark Location (1)
~~~~~~~~~~~~~~~~~~~~~~~~~~~~~~~~~~~~~~~~~~~~~~~~~~~~~~~~~~~~~~~~~~~~~~~~~~~~~~
20180209 15:55:56.808 - INFO - +--- START KW: Check Location [ 0 | 0 | X ]
20180209 15:55:56.809 - INFO - +---- START KW: keywords.TicTacToeKeywords.Get Mark [ ${row} | ${col} ]
20180209 15:55:56.811 - INFO - ${m} = X
20180209 15:55:56.811 - INFO - +---- END KW: keywords.TicTacToeKeywords.Get Mark (2)
20180209 15:55:56.812 - INFO - +---- START KW: BuiltIn.Should Be Equal [ ${m} | ${mark} ]
20180209 15:55:56.813 - INFO - +---- END KW: BuiltIn.Should Be Equal (1)
20180209 15:55:56.814 - INFO - +--- END KW: Check Location (6)
~~~~~~~~~~~~~~~~~~~~~~~~~~~~~~~~~~~~~~~~~~~~~~~~~~~~~~~~~~~~~~~~~~~~~~~~~~~~~~
20180209 15:55:56.814 - INFO - +--- START KW: keywords.TicTacToeKeywords.Mark Location [ 0 | 2 ]
20180209 15:55:56.815 - INFO - +--- END KW: keywords.TicTacToeKeywords.Mark Location (1)
~~~~~~~~~~~~~~~~~~~~~~~~~~~~~~~~~~~~~~~~~~~~~~~~~~~~~~~~~~~~~~~~~~~~~~~~~~~~~~
20180209 15:55:56.816 - INFO - +--- START KW: Check Location [ 0 | 2 | O ]
20180209 15:55:56.817 - INFO - +---- START KW: keywords.TicTacToeKeywords.Get Mark [ ${row} | ${col} ]
20180209 15:55:56.818 - INFO - ${m} = O
20180209 15:55:56.819 - INFO - +---- END KW: keywords.TicTacToeKeywords.Get Mark (2)
20180209 15:55:56.819 - INFO - +---- START KW: BuiltIn.Should Be Equal [ ${m} | ${mark} ]
20180209 15:55:56.821 - INFO - +---- END KW: BuiltIn.Should Be Equal (2)
20180209 15:55:56.821 - INFO - +--- END KW: Check Location (5)
~~~~~~~~~~~~~~~~~~~~~~~~~~~~~~~~~~~~~~~~~~~~~~~~~~~~~~~~~~~~~~~~~~~~~~~~~~~~~~
20180209 15:55:56.822 - INFO - +--- START KW: keywords.TicTacToeKeywords.Mark Location [ 2 | 2 ]
20180209 15:55:56.823 - INFO - +--- END KW: keywords.TicTacToeKeywords.Mark Location (1)
~~~~~~~~~~~~~~~~~~~~~~~~~~~~~~~~~~~~~~~~~~~~~~~~~~~~~~~~~~~~~~~~~~~~~~~~~~~~~~
20180209 15:55:56.823 - INFO - +--- START KW: Check Location [ 2 | 2 | X ]
20180209 15:55:56.825 - INFO - +---- START KW: keywords.TicTacToeKeywords.Get Mark [ ${row} | ${col} ]
20180209 15:55:56.826 - INFO - ${m} = X
20180209 15:55:56.827 - INFO - +---- END KW: keywords.TicTacToeKeywords.Get Mark (1)
20180209 15:55:56.827 - INFO - +---- START KW: BuiltIn.Should Be Equal [ ${m} | ${mark} ]
20180209 15:55:56.828 - INFO - +---- END KW: BuiltIn.Should Be Equal (1)
20180209 15:55:56.829 - INFO - +--- END KW: Check Location (6)
~~~~~~~~~~~~~~~~~~~~~~~~~~~~~~~~~~~~~~~~~~~~~~~~~~~~~~~~~~~~~~~~~~~~~~~~~~~~~~
20180209 15:55:56.830 - INFO - +--- START KW: Winner Should Be [ X ]
20180209 15:55:56.831 - INFO - +---- START KW: keywords.TicTacToeKeywords.Get Winner [ ]
20180209 15:55:56.833 - INFO - ${m} = X
20180209 15:55:56.833 - INFO - +---- END KW: keywords.TicTacToeKeywords.Get Winner (2)
20180209 15:55:56.834 - INFO - +---- START KW: BuiltIn.Should Be Equal [ ${m} | ${mark} ]
20180209 15:55:56.836 - INFO - +---- END KW: BuiltIn.Should Be Equal (1)
20180209 15:55:56.836 - INFO - +--- END KW: Winner Should Be (6)
------------------------------------------------------------------------------
20180209 15:55:56.837 - INFO - +-- END TEST: Win Diagonally as X (53)
------------------------------------------------------------------------------
20180209 15:55:56.838 - INFO - +-- START TEST: Win Horizontally as O [ ]
------------------------------------------------------------------------------
20180209 15:55:56.839 - INFO - +--- START KW: keywords.TicTacToeKeywords.Start New Game [ ]
20180209 15:55:56.840 - INFO - +--- END KW: keywords.TicTacToeKeywords.Start New Game (1)
~~~~~~~~~~~~~~~~~~~~~~~~~~~~~~~~~~~~~~~~~~~~~~~~~~~~~~~~~~~~~~~~~~~~~~~~~~~~~~
20180209 15:55:56.841 - INFO - +--- START KW: keywords.TicTacToeKeywords.Mark Location [ 1 | 1 ]
20180209 15:55:56.842 - INFO - +--- END KW: keywords.TicTacToeKeywords.Mark Location (1)
~~~~~~~~~~~~~~~~~~~~~~~~~~~~~~~~~~~~~~~~~~~~~~~~~~~~~~~~~~~~~~~~~~~~~~~~~~~~~~
20180209 15:55:56.843 - INFO - +--- START KW: Check Location [ 1 | 1 | X ]
20180209 15:55:56.844 - INFO - +---- START KW: keywords.TicTacToeKeywords.Get Mark [ ${row} | ${col} ]
20180209 15:55:56.845 - INFO - ${m} = X
20180209 15:55:56.846 - INFO - +---- END KW: keywords.TicTacToeKeywords.Get Mark (2)
20180209 15:55:56.846 - INFO - +---- START KW: BuiltIn.Should Be Equal [ ${m} | ${mark} ]
20180209 15:55:56.848 - INFO - +---- END KW: BuiltIn.Should Be Equal (1)
20180209 15:55:56.848 - INFO - +--- END KW: Check Location (5)
~~~~~~~~~~~~~~~~~~~~~~~~~~~~~~~~~~~~~~~~~~~~~~~~~~~~~~~~~~~~~~~~~~~~~~~~~~~~~~
20180209 15:55:56.849 - INFO - +--- START KW: keywords.TicTacToeKeywords.Mark Location [ 2 | 0 ]
20180209 15:55:56.850 - INFO - +--- END KW: keywords.TicTacToeKeywords.Mark Location (1)
~~~~~~~~~~~~~~~~~~~~~~~~~~~~~~~~~~~~~~~~~~~~~~~~~~~~~~~~~~~~~~~~~~~~~~~~~~~~~~
20180209 15:55:56.850 - INFO - +--- START KW: Check Location [ 2 | 0 | O ]
20180209 15:55:56.851 - INFO - +---- START KW: keywords.TicTacToeKeywords.Get Mark [ ${row} | ${col} ]
20180209 15:55:56.852 - INFO - ${m} = O
20180209 15:55:56.853 - INFO - +---- END KW: keywords.TicTacToeKeywords.Get Mark (2)
20180209 15:55:56.853 - INFO - +---- START KW: BuiltIn.Should Be Equal [ ${m} | ${mark} ]
20180209 15:55:56.855 - INFO - +---- END KW: BuiltIn.Should Be Equal (2)
20180209 15:55:56.855 - INFO - +--- END KW: Check Location (5)
~~~~~~~~~~~~~~~~~~~~~~~~~~~~~~~~~~~~~~~~~~~~~~~~~~~~~~~~~~~~~~~~~~~~~~~~~~~~~~
20180209 15:55:56.856 - INFO - +--- START KW: keywords.TicTacToeKeywords.Mark Location [ 0 | 0 ]
20180209 15:55:56.857 - INFO - +--- END KW: keywords.TicTacToeKeywords.Mark Location (1)
~~~~~~~~~~~~~~~~~~~~~~~~~~~~~~~~~~~~~~~~~~~~~~~~~~~~~~~~~~~~~~~~~~~~~~~~~~~~~~
20180209 15:55:56.857 - INFO - +--- START KW: Check Location [ 0 | 0 | X ]
20180209 15:55:56.859 - INFO - +---- START KW: keywords.TicTacToeKeywords.Get Mark [ ${row} | ${col} ]
20180209 15:55:56.860 - INFO - ${m} = X
20180209 15:55:56.861 - INFO - +---- END KW: keywords.TicTacToeKeywords.Get Mark (1)
20180209 15:55:56.861 - INFO - +---- START KW: BuiltIn.Should Be Equal [ ${m} | ${mark} ]
20180209 15:55:56.863 - INFO - +---- END KW: BuiltIn.Should Be Equal (1)
20180209 15:55:56.863 - INFO - +--- END KW: Check Location (6)
~~~~~~~~~~~~~~~~~~~~~~~~~~~~~~~~~~~~~~~~~~~~~~~~~~~~~~~~~~~~~~~~~~~~~~~~~~~~~~
20180209 15:55:56.864 - INFO - +--- START KW: keywords.TicTacToeKeywords.Mark Location [ 2 | 2 ]
20180209 15:55:56.865 - INFO - +--- END KW: keywords.TicTacToeKeywords.Mark Location (1)
~~~~~~~~~~~~~~~~~~~~~~~~~~~~~~~~~~~~~~~~~~~~~~~~~~~~~~~~~~~~~~~~~~~~~~~~~~~~~~
20180209 15:55:56.866 - INFO - +--- START KW: Check Location [ 2 | 2 | O ]
20180209 15:55:56.867 - INFO - +---- START KW: keywords.TicTacToeKeywords.Get Mark [ ${row} | ${col} ]
20180209 15:55:56.868 - INFO - ${m} = O
20180209 15:55:56.869 - INFO - +---- END KW: keywords.TicTacToeKeywords.Get Mark (1)
20180209 15:55:56.869 - INFO - +---- START KW: BuiltIn.Should Be Equal [ ${m} | ${mark} ]
20180209 15:55:56.870 - INFO - +---- END KW: BuiltIn.Should Be Equal (1)
20180209 15:55:56.871 - INFO - +--- END KW: Check Location (6)
~~~~~~~~~~~~~~~~~~~~~~~~~~~~~~~~~~~~~~~~~~~~~~~~~~~~~~~~~~~~~~~~~~~~~~~~~~~~~~
20180209 15:55:56.872 - INFO - +--- START KW: keywords.TicTacToeKeywords.Mark Location [ 0 | 2 ]
20180209 15:55:56.873 - INFO - +--- END KW: keywords.TicTacToeKeywords.Mark Location (2)
~~~~~~~~~~~~~~~~~~~~~~~~~~~~~~~~~~~~~~~~~~~~~~~~~~~~~~~~~~~~~~~~~~~~~~~~~~~~~~
20180209 15:55:56.873 - INFO - +--- START KW: Check Location [ 0 | 2 | X ]
20180209 15:55:56.875 - INFO - +---- START KW: keywords.TicTacToeKeywords.Get Mark [ ${row} | ${col} ]
20180209 15:55:56.876 - INFO - ${m} = X
20180209 15:55:56.877 - INFO - +---- END KW: keywords.TicTacToeKeywords.Get Mark (2)
20180209 15:55:56.877 - INFO - +---- START KW: BuiltIn.Should Be Equal [ ${m} | ${mark} ]
20180209 15:55:56.879 - INFO - +---- END KW: BuiltIn.Should Be Equal (1)
20180209 15:55:56.879 - INFO - +--- END KW: Check Location (6)
~~~~~~~~~~~~~~~~~~~~~~~~~~~~~~~~~~~~~~~~~~~~~~~~~~~~~~~~~~~~~~~~~~~~~~~~~~~~~~
20180209 15:55:56.880 - INFO - +--- START KW: keywords.TicTacToeKeywords.Mark Location [ 2 | 1 ]
20180209 15:55:56.881 - INFO - +--- END KW: keywords.TicTacToeKeywords.Mark Location (1)
~~~~~~~~~~~~~~~~~~~~~~~~~~~~~~~~~~~~~~~~~~~~~~~~~~~~~~~~~~~~~~~~~~~~~~~~~~~~~~
20180209 15:55:56.882 - INFO - +--- START KW: Check Location [ 2 | 1 | O ]
20180209 15:55:56.883 - INFO - +---- START KW: keywords.TicTacToeKeywords.Get Mark [ ${row} | ${col} ]
20180209 15:55:56.884 - INFO - ${m} = O
20180209 15:55:56.885 - INFO - +---- END KW: keywords.TicTacToeKeywords.Get Mark (2)
20180209 15:55:56.886 - INFO - +---- START KW: BuiltIn.Should Be Equal [ ${m} | ${mark} ]
20180209 15:55:56.889 - INFO - +---- END KW: BuiltIn.Should Be Equal (3)
20180209 15:55:56.889 - INFO - +--- END KW: Check Location (8)
~~~~~~~~~~~~~~~~~~~~~~~~~~~~~~~~~~~~~~~~~~~~~~~~~~~~~~~~~~~~~~~~~~~~~~~~~~~~~~
20180209 15:55:56.890 - INFO - +--- START KW: Winner Should Be [ O ]
20180209 15:55:56.891 - INFO - +---- START KW: keywords.TicTacToeKeywords.Get Winner [ ]
20180209 15:55:56.892 - INFO - ${m} = O
20180209 15:55:56.892 - INFO - +---- END KW: keywords.TicTacToeKeywords.Get Winner (1)
20180209 15:55:56.893 - INFO - +---- START KW: BuiltIn.Should Be Equal [ ${m} | ${mark} ]
20180209 15:55:56.894 - INFO - +---- END KW: BuiltIn.Should Be Equal (1)
20180209 15:55:56.895 - INFO - +--- END KW: Winner Should Be (5)
------------------------------------------------------------------------------
20180209 15:55:56.896 - INFO - +-- END TEST: Win Horizontally as O (57)
------------------------------------------------------------------------------
20180209 15:55:56.897 - INFO - +-- START TEST: Force a Tie [ ]
------------------------------------------------------------------------------
20180209 15:55:56.899 - INFO - +--- START KW: keywords.TicTacToeKeywords.Start New Game [ ]
20180209 15:55:56.900 - INFO - +--- END KW: keywords.TicTacToeKeywords.Start New Game (1)
~~~~~~~~~~~~~~~~~~~~~~~~~~~~~~~~~~~~~~~~~~~~~~~~~~~~~~~~~~~~~~~~~~~~~~~~~~~~~~
20180209 15:55:56.901 - INFO - +--- START KW: keywords.TicTacToeKeywords.Mark Location [ 1 | 1 ]
20180209 15:55:56.902 - INFO - +--- END KW: keywords.TicTacToeKeywords.Mark Location (0)
~~~~~~~~~~~~~~~~~~~~~~~~~~~~~~~~~~~~~~~~~~~~~~~~~~~~~~~~~~~~~~~~~~~~~~~~~~~~~~
20180209 15:55:56.902 - INFO - +--- START KW: Check Location [ 1 | 1 | X ]
20180209 15:55:56.903 - INFO - +---- START KW: keywords.TicTacToeKeywords.Get Mark [ ${row} | ${col} ]
20180209 15:55:56.905 - INFO - ${m} = X
20180209 15:55:56.905 - INFO - +---- END KW: keywords.TicTacToeKeywords.Get Mark (2)
20180209 15:55:56.906 - INFO - +---- START KW: BuiltIn.Should Be Equal [ ${m} | ${mark} ]
20180209 15:55:56.907 - INFO - +---- END KW: BuiltIn.Should Be Equal (1)
20180209 15:55:56.908 - INFO - +--- END KW: Check Location (5)
~~~~~~~~~~~~~~~~~~~~~~~~~~~~~~~~~~~~~~~~~~~~~~~~~~~~~~~~~~~~~~~~~~~~~~~~~~~~~~
20180209 15:55:56.908 - INFO - +--- START KW: keywords.TicTacToeKeywords.Mark Location [ 0 | 0 ]
20180209 15:55:56.909 - INFO - +--- END KW: keywords.TicTacToeKeywords.Mark Location (1)
~~~~~~~~~~~~~~~~~~~~~~~~~~~~~~~~~~~~~~~~~~~~~~~~~~~~~~~~~~~~~~~~~~~~~~~~~~~~~~
20180209 15:55:56.909 - INFO - +--- START KW: Check Location [ 0 | 0 | O ]
20180209 15:55:56.911 - INFO - +---- START KW: keywords.TicTacToeKeywords.Get Mark [ ${row} | ${col} ]
20180209 15:55:56.912 - INFO - ${m} = O
20180209 15:55:56.912 - INFO - +---- END KW: keywords.TicTacToeKeywords.Get Mark (1)
20180209 15:55:56.913 - INFO - +---- START KW: BuiltIn.Should Be Equal [ ${m} | ${mark} ]
20180209 15:55:56.916 - INFO - +---- END KW: BuiltIn.Should Be Equal (2)
20180209 15:55:56.917 - INFO - +--- END KW: Check Location (7)
~~~~~~~~~~~~~~~~~~~~~~~~~~~~~~~~~~~~~~~~~~~~~~~~~~~~~~~~~~~~~~~~~~~~~~~~~~~~~~
20180209 15:55:56.917 - INFO - +--- START KW: keywords.TicTacToeKeywords.Mark Location [ 2 | 0 ]
20180209 15:55:56.920 - INFO - +--- END KW: keywords.TicTacToeKeywords.Mark Location (2)
~~~~~~~~~~~~~~~~~~~~~~~~~~~~~~~~~~~~~~~~~~~~~~~~~~~~~~~~~~~~~~~~~~~~~~~~~~~~~~
20180209 15:55:56.920 - INFO - +--- START KW: Check Location [ 2 | 0 | X ]
20180209 15:55:56.922 - INFO - +---- START KW: keywords.TicTacToeKeywords.Get Mark [ ${row} | ${col} ]
20180209 15:55:56.925 - INFO - ${m} = X
20180209 15:55:56.926 - INFO - +---- END KW: keywords.TicTacToeKeywords.Get Mark (4)
20180209 15:55:56.926 - INFO - +---- START KW: BuiltIn.Should Be Equal [ ${m} | ${mark} ]
20180209 15:55:56.929 - INFO - +---- END KW: BuiltIn.Should Be Equal (3)
20180209 15:55:56.930 - INFO - +--- END KW: Check Location (10)
~~~~~~~~~~~~~~~~~~~~~~~~~~~~~~~~~~~~~~~~~~~~~~~~~~~~~~~~~~~~~~~~~~~~~~~~~~~~~~
20180209 15:55:56.931 - INFO - +--- START KW: keywords.TicTacToeKeywords.Mark Location [ 0 | 2 ]
20180209 15:55:56.934 - INFO - +--- END KW: keywords.TicTacToeKeywords.Mark Location (4)
~~~~~~~~~~~~~~~~~~~~~~~~~~~~~~~~~~~~~~~~~~~~~~~~~~~~~~~~~~~~~~~~~~~~~~~~~~~~~~
20180209 15:55:56.935 - INFO - +--- START KW: Check Location [ 0 | 2 | O ]
20180209 15:55:56.937 - INFO - +---- START KW: keywords.TicTacToeKeywords.Get Mark [ ${row} | ${col} ]
20180209 15:55:56.938 - INFO - ${m} = O
20180209 15:55:56.939 - INFO - +---- END KW: keywords.TicTacToeKeywords.Get Mark (2)
20180209 15:55:56.939 - INFO - +---- START KW: BuiltIn.Should Be Equal [ ${m} | ${mark} ]
20180209 15:55:56.941 - INFO - +---- END KW: BuiltIn.Should Be Equal (2)
20180209 15:55:56.941 - INFO - +--- END KW: Check Location (6)
~~~~~~~~~~~~~~~~~~~~~~~~~~~~~~~~~~~~~~~~~~~~~~~~~~~~~~~~~~~~~~~~~~~~~~~~~~~~~~
20180209 15:55:56.942 - INFO - +--- START KW: keywords.TicTacToeKeywords.Mark Location [ 0 | 1 ]
20180209 15:55:56.943 - INFO - +--- END KW: keywords.TicTacToeKeywords.Mark Location (1)
~~~~~~~~~~~~~~~~~~~~~~~~~~~~~~~~~~~~~~~~~~~~~~~~~~~~~~~~~~~~~~~~~~~~~~~~~~~~~~
20180209 15:55:56.943 - INFO - +--- START KW: Check Location [ 0 | 1 | X ]
20180209 15:55:56.945 - INFO - +---- START KW: keywords.TicTacToeKeywords.Get Mark [ ${row} | ${col} ]
20180209 15:55:56.946 - INFO - ${m} = X
20180209 15:55:56.947 - INFO - +---- END KW: keywords.TicTacToeKeywords.Get Mark (2)
20180209 15:55:56.947 - INFO - +---- START KW: BuiltIn.Should Be Equal [ ${m} | ${mark} ]
20180209 15:55:56.948 - INFO - +---- END KW: BuiltIn.Should Be Equal (1)
20180209 15:55:56.949 - INFO - +--- END KW: Check Location (6)
~~~~~~~~~~~~~~~~~~~~~~~~~~~~~~~~~~~~~~~~~~~~~~~~~~~~~~~~~~~~~~~~~~~~~~~~~~~~~~
20180209 15:55:56.949 - INFO - +--- START KW: keywords.TicTacToeKeywords.Mark Location [ 2 | 1 ]
20180209 15:55:56.950 - INFO - +--- END KW: keywords.TicTacToeKeywords.Mark Location (1)
~~~~~~~~~~~~~~~~~~~~~~~~~~~~~~~~~~~~~~~~~~~~~~~~~~~~~~~~~~~~~~~~~~~~~~~~~~~~~~
20180209 15:55:56.951 - INFO - +--- START KW: Check Location [ 2 | 1 | O ]
20180209 15:55:56.952 - INFO - +---- START KW: keywords.TicTacToeKeywords.Get Mark [ ${row} | ${col} ]
20180209 15:55:56.953 - INFO - ${m} = O
20180209 15:55:56.954 - INFO - +---- END KW: keywords.TicTacToeKeywords.Get Mark (2)
20180209 15:55:56.954 - INFO - +---- START KW: BuiltIn.Should Be Equal [ ${m} | ${mark} ]
20180209 15:55:56.956 - INFO - +---- END KW: BuiltIn.Should Be Equal (2)
20180209 15:55:56.956 - INFO - +--- END KW: Check Location (5)
~~~~~~~~~~~~~~~~~~~~~~~~~~~~~~~~~~~~~~~~~~~~~~~~~~~~~~~~~~~~~~~~~~~~~~~~~~~~~~
20180209 15:55:56.957 - INFO - +--- START KW: keywords.TicTacToeKeywords.Mark Location [ 1 | 2 ]
20180209 15:55:56.958 - INFO - +--- END KW: keywords.TicTacToeKeywords.Mark Location (1)
~~~~~~~~~~~~~~~~~~~~~~~~~~~~~~~~~~~~~~~~~~~~~~~~~~~~~~~~~~~~~~~~~~~~~~~~~~~~~~
20180209 15:55:56.958 - INFO - +--- START KW: Check Location [ 1 | 2 | X ]
20180209 15:55:56.960 - INFO - +---- START KW: keywords.TicTacToeKeywords.Get Mark [ ${row} | ${col} ]
20180209 15:55:56.961 - INFO - ${m} = X
20180209 15:55:56.961 - INFO - +---- END KW: keywords.TicTacToeKeywords.Get Mark (2)
20180209 15:55:56.962 - INFO - +---- START KW: BuiltIn.Should Be Equal [ ${m} | ${mark} ]
20180209 15:55:56.963 - INFO - +---- END KW: BuiltIn.Should Be Equal (1)
20180209 15:55:56.964 - INFO - +--- END KW: Check Location (5)
~~~~~~~~~~~~~~~~~~~~~~~~~~~~~~~~~~~~~~~~~~~~~~~~~~~~~~~~~~~~~~~~~~~~~~~~~~~~~~
20180209 15:55:56.964 - INFO - +--- START KW: keywords.TicTacToeKeywords.Mark Location [ 1 | 0 ]
20180209 15:55:56.965 - INFO - +--- END KW: keywords.TicTacToeKeywords.Mark Location (1)
~~~~~~~~~~~~~~~~~~~~~~~~~~~~~~~~~~~~~~~~~~~~~~~~~~~~~~~~~~~~~~~~~~~~~~~~~~~~~~
20180209 15:55:56.966 - INFO - +--- START KW: Check Location [ 1 | 0 | O ]
20180209 15:55:56.967 - INFO - +---- START KW: keywords.TicTacToeKeywords.Get Mark [ ${row} | ${col} ]
20180209 15:55:56.969 - INFO - ${m} = O
20180209 15:55:56.969 - INFO - +---- END KW: keywords.TicTacToeKeywords.Get Mark (2)
20180209 15:55:56.970 - INFO - +---- START KW: BuiltIn.Should Be Equal [ ${m} | ${mark} ]
20180209 15:55:56.971 - INFO - +---- END KW: BuiltIn.Should Be Equal (1)
20180209 15:55:56.972 - INFO - +--- END KW: Check Location (6)
~~~~~~~~~~~~~~~~~~~~~~~~~~~~~~~~~~~~~~~~~~~~~~~~~~~~~~~~~~~~~~~~~~~~~~~~~~~~~~
20180209 15:55:56.973 - INFO - +--- START KW: keywords.TicTacToeKeywords.Mark Location [ 2 | 2 ]
20180209 15:55:56.974 - INFO - +--- END KW: keywords.TicTacToeKeywords.Mark Location (1)
~~~~~~~~~~~~~~~~~~~~~~~~~~~~~~~~~~~~~~~~~~~~~~~~~~~~~~~~~~~~~~~~~~~~~~~~~~~~~~
20180209 15:55:56.974 - INFO - +--- START KW: Check Location [ 2 | 2 | X ]
20180209 15:55:56.976 - INFO - +---- START KW: keywords.TicTacToeKeywords.Get Mark [ ${row} | ${col} ]
20180209 15:55:56.977 - INFO - ${m} = X
20180209 15:55:56.978 - INFO - +---- END KW: keywords.TicTacToeKeywords.Get Mark (2)
20180209 15:55:56.978 - INFO - +---- START KW: BuiltIn.Should Be Equal [ ${m} | ${mark} ]
20180209 15:55:56.979 - INFO - +---- END KW: BuiltIn.Should Be Equal (1)
20180209 15:55:56.980 - INFO - +--- END KW: Check Location (6)
~~~~~~~~~~~~~~~~~~~~~~~~~~~~~~~~~~~~~~~~~~~~~~~~~~~~~~~~~~~~~~~~~~~~~~~~~~~~~~
20180209 15:55:56.980 - INFO - +--- START KW: Winner Should Be [ TIE ]
20180209 15:55:56.982 - INFO - +---- START KW: keywords.TicTacToeKeywords.Get Winner [ ]
20180209 15:55:56.982 - INFO - ${m} = TIE
20180209 15:55:56.983 - INFO - +---- END KW: keywords.TicTacToeKeywords.Get Winner (2)
20180209 15:55:56.983 - INFO - +---- START KW: BuiltIn.Should Be Equal [ ${m} | ${mark} ]
20180209 15:55:56.985 - INFO - +---- END KW: BuiltIn.Should Be Equal (2)
20180209 15:55:56.986 - INFO - +--- END KW: Winner Should Be (5)
------------------------------------------------------------------------------
20180209 15:55:56.987 - INFO - +-- END TEST: Force a Tie (90)
------------------------------------------------------------------------------
20180209 15:55:56.991 - INFO - +- END SUITE: Acceptancetest.TicTacToeTests (228)
==============================================================================
20180209 15:55:57.002 - INFO - + END SUITE: Acceptancetest (3018)
==============================================================================
